#
# A fatal error has been detected by the Java Runtime Environment:
#
#  EXCEPTION_ACCESS_VIOLATION (0xc0000005) at pc=0x00007fface02e0a7, pid=4932, tid=26696
#
# JRE version: OpenJDK Runtime Environment Corretto-16.0.2.7.1 (16.0.2+7) (build 16.0.2+7)
# Java VM: OpenJDK 64-Bit Server VM Corretto-16.0.2.7.1 (16.0.2+7, mixed mode, sharing, tiered, compressed oops, compressed class ptrs, g1 gc, windows-amd64)
# Problematic frame:
# C  [lwjgl_opengl.dll+0xe0a7]
#
# No core dump will be written. Minidumps are not enabled by default on client versions of Windows
#
# If you would like to submit a bug report, please visit:
#   https://github.com/corretto/corretto-jdk/issues/
# The crash happened outside the Java Virtual Machine in native code.
# See problematic frame for where to report the bug.
#

---------------  S U M M A R Y ------------

Command Line: -javaagent:C:\Users\DaylightNebula\AppData\Local\JetBrains\Toolbox\apps\IDEA-C\ch-0\222.4167.29\lib\idea_rt.jar=59845:C:\Users\DaylightNebula\AppData\Local\JetBrains\Toolbox\apps\IDEA-C\ch-0\222.4167.29\bin -Dfile.encoding=UTF-8 webstreamengine.backend.opengl.WSEBackendOpenGLKt

Host: AMD Ryzen 5 5600X 6-Core Processor             , 12 cores, 15G,  Windows 10 , 64 bit Build 22000 (10.0.22000.1335)
Time: Sat Dec 24 21:04:14 2022 Mountain Standard Time elapsed time: 0.253157 seconds (0d 0h 0m 0s)

---------------  T H R E A D  ---------------

Current thread (0x00000231fe63da20):  JavaThread "main" [_thread_in_native, id=26696, stack(0x000000ba6dd00000,0x000000ba6de00000)]

Stack: [0x000000ba6dd00000,0x000000ba6de00000],  sp=0x000000ba6ddfef98,  free space=1019k
Native frames: (J=compiled Java code, j=interpreted, Vv=VM code, C=native code)
C  [lwjgl_opengl.dll+0xe0a7]

Java frames: (J=compiled Java code, j=interpreted, Vv=VM code)
j  org.lwjgl.opengl.GL20C.glCreateShader(I)I+0
j  org.lwjgl.opengl.GL20.glCreateShader(I)I+1
j  webstreamengine.backend.opengl.shaders.Shader$Companion.loadShader(Ljava/lang/String;I)I+7
j  webstreamengine.backend.opengl.shaders.Shader.<init>(Ljava/lang/String;Ljava/lang/String;)V+33
j  webstreamengine.backend.opengl.shaders.BasicTexturedShader.<init>()V+17
j  webstreamengine.backend.opengl.WSEBackendOpenGL.init()V+268
j  webstreamengine.backend.opengl.WSEBackendOpenGL.run()V+1
j  webstreamengine.backend.opengl.WSEBackendOpenGLKt.main()V+7
j  webstreamengine.backend.opengl.WSEBackendOpenGLKt.main([Ljava/lang/String;)V+0
v  ~StubRoutines::call_stub

siginfo: EXCEPTION_ACCESS_VIOLATION (0xc0000005), reading address 0x0000000000000e38


Register to memory mapping:

RIP=0x00007fface02e0a7 lwjgl_opengl.dll
RAX=0x00000231a381a0d0 points into unknown readable memory: 0x0000000000000000 | 00 00 00 00 00 00 00 00
RBX={method} {0x00000231a318a898} 'glCreateShader' '(I)I' in 'org/lwjgl/opengl/GL20C'
RCX=0x0 is NULL
RDX=0x000000ba6ddff028 is pointing into the stack for thread: 0x00000231fe63da20
RSP=0x000000ba6ddfef98 is pointing into the stack for thread: 0x00000231fe63da20
RBP=0x000000ba6ddff018 is pointing into the stack for thread: 0x00000231fe63da20
RSI=0x0000000000000210 is an unknown value
RDI=0x00000000000003b2 is an unknown value
R8 =0x0000000000008b31 is an unknown value
R9 =0x0000000000000002 is an unknown value
R10=0x00000231888fdcf3 is at code_begin+979 in an Interpreter codelet
method entry point (kind = native)  [0x00000231888fd920, 0x00000231888fe300]  2528 bytes
R11=0x0000000710cb7500 is an oop: java.lang.Class 
{0x0000000710cb7500} - klass: 'java/lang/Class'
R12=0x0 is NULL
R13=0x00000231a318a880 is pointing into metadata
R14=0x000000ba6ddff038 is pointing into the stack for thread: 0x00000231fe63da20
R15=0x00000231fe63da20 is a thread


Registers:
RAX=0x00000231a381a0d0, RBX=0x00000231a318a890, RCX=0x0000000000000000, RDX=0x000000ba6ddff028
RSP=0x000000ba6ddfef98, RBP=0x000000ba6ddff018, RSI=0x0000000000000210, RDI=0x00000000000003b2
R8 =0x0000000000008b31, R9 =0x0000000000000002, R10=0x00000231888fdcf3, R11=0x0000000710cb7500
R12=0x0000000000000000, R13=0x00000231a318a880, R14=0x000000ba6ddff038, R15=0x00000231fe63da20
RIP=0x00007fface02e0a7, EFLAGS=0x0000000000010202

Top of Stack: (sp=0x000000ba6ddfef98)
0x000000ba6ddfef98:   00000231888fdd22 00000231a318a890
0x000000ba6ddfefa8:   0000000000000210 0000000000000210
0x000000ba6ddfefb8:   000000ba6ddff098 00000231a311b4e0
0x000000ba6ddfefc8:   00000231888fd9d6 000000ba6ddfefd0
0x000000ba6ddfefd8:   00000231a318a880 000000ba6ddff038
0x000000ba6ddfefe8:   00000231a31b5e80 0000000000000000
0x000000ba6ddfeff8:   0000000710cb7500 00000231a318a890
0x000000ba6ddff008:   0000000000000000 000000ba6ddff038
0x000000ba6ddff018:   000000ba6ddff088 00000231888f9626
0x000000ba6ddff028:   0000000710cb7500 00000231888fb2d6
0x000000ba6ddff038:   0000000000008b31 000000ba6ddff040
0x000000ba6ddff048:   00000231a311b4b9 000000ba6ddff098
0x000000ba6ddff058:   00000231a317ba60 0000000000000000
0x000000ba6ddff068:   0000000710fffc00 00000231a311b4e0
0x000000ba6ddff078:   000000ba6ddff038 000000ba6ddff098
0x000000ba6ddff088:   000000ba6ddff0e8 00000231888f9626 

Instructions: (pc=0x00007fface02e0a7)
0x00007fface02dfa7:   8b c8 4c 8b 50 18 49 ff a2 f8 0d 00 00 cc cc cc
0x00007fface02dfb7:   cc cc cc cc cc cc cc cc cc 48 8b 01 41 8b c8 48
0x00007fface02dfc7:   8b 50 18 48 ff a2 00 0e 00 00 cc cc cc cc cc cc
0x00007fface02dfd7:   cc cc cc cc cc cc cc cc cc 48 8b 01 45 8b d8 4c
0x00007fface02dfe7:   8b 44 24 28 41 8b d1 41 8b cb 4c 8b 50 18 49 ff
0x00007fface02dff7:   a2 08 0e 00 00 cc cc cc cc 48 8b 01 45 8b d8 4c
0x00007fface02e007:   8b 44 24 28 41 8b d1 41 8b cb 4c 8b 50 18 49 ff
0x00007fface02e017:   a2 10 0e 00 00 cc cc cc cc 48 8b 01 45 8b d8 4c
0x00007fface02e027:   8b 44 24 28 41 8b d1 41 8b cb 4c 8b 50 18 49 ff
0x00007fface02e037:   a2 18 0e 00 00 cc cc cc cc 48 8b 01 48 8b 48 18
0x00007fface02e047:   48 8b 81 20 0e 00 00 48 ff e0 cc cc cc cc cc cc
0x00007fface02e057:   cc cc cc cc cc cc cc cc cc 48 8b 01 41 8b c8 48
0x00007fface02e067:   8b 50 18 48 ff a2 28 0e 00 00 cc cc cc cc cc cc
0x00007fface02e077:   cc cc cc cc cc cc cc cc cc 48 8b 01 48 8b 48 18
0x00007fface02e087:   48 8b 81 30 0e 00 00 41 8b c8 48 ff e0 cc cc cc
0x00007fface02e097:   cc cc cc cc cc cc cc cc cc 48 8b 01 48 8b 48 18
0x00007fface02e0a7:   48 8b 81 38 0e 00 00 41 8b c8 48 ff e0 cc cc cc
0x00007fface02e0b7:   cc cc cc cc cc cc cc cc cc 48 8b 01 41 8b c8 48
0x00007fface02e0c7:   8b 50 18 48 ff a2 40 0e 00 00 cc cc cc cc cc cc
0x00007fface02e0d7:   cc cc cc cc cc cc cc cc cc 48 8b 01 48 8b 48 18
0x00007fface02e0e7:   48 8b 81 48 0e 00 00 41 8b c8 48 ff e0 cc cc cc
0x00007fface02e0f7:   cc cc cc cc cc cc cc cc cc 48 8b 01 41 8b d1 41
0x00007fface02e107:   8b c8 4c 8b 50 18 49 ff a2 50 0e 00 00 cc cc cc
0x00007fface02e117:   cc cc cc cc cc cc cc cc cc 48 8b 01 41 8b d1 41
0x00007fface02e127:   8b c8 4c 8b 50 18 49 ff a2 58 0e 00 00 cc cc cc
0x00007fface02e137:   cc cc cc cc cc cc cc cc cc 40 53 48 8b 01 41 8b
0x00007fface02e147:   d8 4c 8b 44 24 30 41 8b d1 4c 8b 4c 24 38 8b cb
0x00007fface02e157:   4c 8b 50 18 5b 49 ff a2 60 0e 00 00 cc cc cc cc
0x00007fface02e167:   cc cc cc cc cc cc cc cc cc 48 8b 01 41 8b c8 48
0x00007fface02e177:   8b 50 18 48 ff a2 68 0e 00 00 cc cc cc cc cc cc
0x00007fface02e187:   cc cc cc cc cc cc cc cc cc 48 8b 01 41 8b c8 48
0x00007fface02e197:   8b 50 18 48 ff a2 70 0e 00 00 cc cc cc cc cc cc 


Stack slot to memory mapping:
stack at sp + 0 slots: 0x00000231888fdd22 is at code_begin+1026 in an Interpreter codelet
method entry point (kind = native)  [0x00000231888fd920, 0x00000231888fe300]  2528 bytes
stack at sp + 1 slots: {method} {0x00000231a318a898} 'glCreateShader' '(I)I' in 'org/lwjgl/opengl/GL20C'
stack at sp + 2 slots: 0x0000000000000210 is an unknown value
stack at sp + 3 slots: 0x0000000000000210 is an unknown value
stack at sp + 4 slots: 0x000000ba6ddff098 is pointing into the stack for thread: 0x00000231fe63da20
stack at sp + 5 slots: {method} {0x00000231a311b4e8} 'glCreateShader' '(I)I' in 'org/lwjgl/opengl/GL20'
stack at sp + 6 slots: 0x00000231888fd9d6 is at code_begin+182 in an Interpreter codelet
method entry point (kind = native)  [0x00000231888fd920, 0x00000231888fe300]  2528 bytes
stack at sp + 7 slots: 0x000000ba6ddfefd0 is pointing into the stack for thread: 0x00000231fe63da20


---------------  P R O C E S S  ---------------

Threads class SMR info:
_java_thread_list=0x00000231a35f6320, length=13, elements={
0x00000231fe63da20, 0x00000231a2974910, 0x00000231a2975ab0, 0x00000231a2985ae0,
0x00000231a29863f0, 0x00000231a29874a0, 0x00000231a2988550, 0x00000231a298cee0,
0x00000231a29906a0, 0x00000231a299bb80, 0x00000231a34e5b20, 0x00000231a356e930,
0x00000231a363cbf0
}

Java Threads: ( => current thread )
=>0x00000231fe63da20 JavaThread "main" [_thread_in_native, id=26696, stack(0x000000ba6dd00000,0x000000ba6de00000)]
  0x00000231a2974910 JavaThread "Reference Handler" daemon [_thread_blocked, id=14588, stack(0x000000ba6e400000,0x000000ba6e500000)]
  0x00000231a2975ab0 JavaThread "Finalizer" daemon [_thread_blocked, id=16468, stack(0x000000ba6e500000,0x000000ba6e600000)]
  0x00000231a2985ae0 JavaThread "Signal Dispatcher" daemon [_thread_blocked, id=16888, stack(0x000000ba6e600000,0x000000ba6e700000)]
  0x00000231a29863f0 JavaThread "Attach Listener" daemon [_thread_blocked, id=9512, stack(0x000000ba6e700000,0x000000ba6e800000)]
  0x00000231a29874a0 JavaThread "Service Thread" daemon [_thread_blocked, id=1904, stack(0x000000ba6e800000,0x000000ba6e900000)]
  0x00000231a2988550 JavaThread "Monitor Deflation Thread" daemon [_thread_blocked, id=19968, stack(0x000000ba6e900000,0x000000ba6ea00000)]
  0x00000231a298cee0 JavaThread "C2 CompilerThread0" daemon [_thread_blocked, id=11008, stack(0x000000ba6ea00000,0x000000ba6eb00000)]
  0x00000231a29906a0 JavaThread "C1 CompilerThread0" daemon [_thread_blocked, id=16984, stack(0x000000ba6eb00000,0x000000ba6ec00000)]
  0x00000231a299bb80 JavaThread "Sweeper thread" daemon [_thread_blocked, id=24548, stack(0x000000ba6ec00000,0x000000ba6ed00000)]
  0x00000231a34e5b20 JavaThread "Common-Cleaner" daemon [_thread_blocked, id=5088, stack(0x000000ba6ed00000,0x000000ba6ee00000)]
  0x00000231a356e930 JavaThread "Monitor Ctrl-Break" daemon [_thread_in_native, id=2992, stack(0x000000ba6ee00000,0x000000ba6ef00000)]
  0x00000231a363cbf0 JavaThread "Notification Thread" daemon [_thread_blocked, id=16160, stack(0x000000ba6ef00000,0x000000ba6f000000)]

Other Threads:
  0x00000231a2971790 VMThread "VM Thread" [stack: 0x000000ba6e300000,0x000000ba6e400000] [id=10136]
  0x00000231fe63ea80 WatcherThread [stack: 0x000000ba6f000000,0x000000ba6f100000] [id=9992]
  0x00000231fe68f2a0 GCTaskThread "GC Thread#0" [stack: 0x000000ba6de00000,0x000000ba6df00000] [id=4636]
  0x00000231fe6a01d0 ConcurrentGCThread "G1 Main Marker" [stack: 0x000000ba6df00000,0x000000ba6e000000] [id=5180]
  0x00000231fe6a2390 ConcurrentGCThread "G1 Conc#0" [stack: 0x000000ba6e000000,0x000000ba6e100000] [id=25652]
  0x00000231fe71e3f0 ConcurrentGCThread "G1 Refine#0" [stack: 0x000000ba6e100000,0x000000ba6e200000] [id=25080]
  0x00000231fe71ec10 ConcurrentGCThread "G1 Service" [stack: 0x000000ba6e200000,0x000000ba6e300000] [id=11056]

Threads with active compile tasks:

VM state: not at safepoint (normal execution)

VM Mutex/Monitor currently owned by a thread: None

Heap address: 0x0000000701600000, size: 4074 MB, Compressed Oops mode: Zero based, Oop shift amount: 3

CDS archive(s) mapped at: [0x0000000800000000-0x0000000800be0000-0x0000000800be0000), size 12451840, SharedBaseAddress: 0x0000000800000000, ArchiveRelocationMode: 0.
Compressed class space mapped at: 0x0000000800c00000-0x0000000840c00000, reserved size: 1073741824
Narrow klass base: 0x0000000800000000, Narrow klass shift: 3, Narrow klass range: 0x100000000

GC Precious Log:
 CPUs: 12 total, 12 available
 Memory: 16293M
 Large Page Support: Disabled
 NUMA Support: Disabled
 Compressed Oops: Enabled (Zero based)
 Heap Region Size: 2M
 Heap Min Capacity: 8M
 Heap Initial Capacity: 256M
 Heap Max Capacity: 4074M
 Pre-touch: Disabled
 Parallel Workers: 10
 Concurrent Workers: 3
 Concurrent Refinement Workers: 10
 Periodic GC: Disabled

Heap:
 garbage-first heap   total 262144K, used 8192K [0x0000000701600000, 0x0000000800000000)
  region size 2048K, 5 young (10240K), 0 survivors (0K)
 Metaspace       used 3568K, committed 3712K, reserved 1056768K
  class space    used 238K, committed 320K, reserved 1048576K

Heap Regions: E=young(eden), S=young(survivor), O=old, HS=humongous(starts), HC=humongous(continues), CS=collection set, F=free, OA=open archive, CA=closed archive, TAMS=top-at-mark-start (previous, next)
|   0|0x0000000701600000, 0x0000000701600000, 0x0000000701800000|  0%| F|  |TAMS 0x0000000701600000, 0x0000000701600000| Untracked 
|   1|0x0000000701800000, 0x0000000701800000, 0x0000000701a00000|  0%| F|  |TAMS 0x0000000701800000, 0x0000000701800000| Untracked 
|   2|0x0000000701a00000, 0x0000000701a00000, 0x0000000701c00000|  0%| F|  |TAMS 0x0000000701a00000, 0x0000000701a00000| Untracked 
|   3|0x0000000701c00000, 0x0000000701c00000, 0x0000000701e00000|  0%| F|  |TAMS 0x0000000701c00000, 0x0000000701c00000| Untracked 
|   4|0x0000000701e00000, 0x0000000701e00000, 0x0000000702000000|  0%| F|  |TAMS 0x0000000701e00000, 0x0000000701e00000| Untracked 
|   5|0x0000000702000000, 0x0000000702000000, 0x0000000702200000|  0%| F|  |TAMS 0x0000000702000000, 0x0000000702000000| Untracked 
|   6|0x0000000702200000, 0x0000000702200000, 0x0000000702400000|  0%| F|  |TAMS 0x0000000702200000, 0x0000000702200000| Untracked 
|   7|0x0000000702400000, 0x0000000702400000, 0x0000000702600000|  0%| F|  |TAMS 0x0000000702400000, 0x0000000702400000| Untracked 
|   8|0x0000000702600000, 0x0000000702600000, 0x0000000702800000|  0%| F|  |TAMS 0x0000000702600000, 0x0000000702600000| Untracked 
|   9|0x0000000702800000, 0x0000000702800000, 0x0000000702a00000|  0%| F|  |TAMS 0x0000000702800000, 0x0000000702800000| Untracked 
|  10|0x0000000702a00000, 0x0000000702a00000, 0x0000000702c00000|  0%| F|  |TAMS 0x0000000702a00000, 0x0000000702a00000| Untracked 
|  11|0x0000000702c00000, 0x0000000702c00000, 0x0000000702e00000|  0%| F|  |TAMS 0x0000000702c00000, 0x0000000702c00000| Untracked 
|  12|0x0000000702e00000, 0x0000000702e00000, 0x0000000703000000|  0%| F|  |TAMS 0x0000000702e00000, 0x0000000702e00000| Untracked 
|  13|0x0000000703000000, 0x0000000703000000, 0x0000000703200000|  0%| F|  |TAMS 0x0000000703000000, 0x0000000703000000| Untracked 
|  14|0x0000000703200000, 0x0000000703200000, 0x0000000703400000|  0%| F|  |TAMS 0x0000000703200000, 0x0000000703200000| Untracked 
|  15|0x0000000703400000, 0x0000000703400000, 0x0000000703600000|  0%| F|  |TAMS 0x0000000703400000, 0x0000000703400000| Untracked 
|  16|0x0000000703600000, 0x0000000703600000, 0x0000000703800000|  0%| F|  |TAMS 0x0000000703600000, 0x0000000703600000| Untracked 
|  17|0x0000000703800000, 0x0000000703800000, 0x0000000703a00000|  0%| F|  |TAMS 0x0000000703800000, 0x0000000703800000| Untracked 
|  18|0x0000000703a00000, 0x0000000703a00000, 0x0000000703c00000|  0%| F|  |TAMS 0x0000000703a00000, 0x0000000703a00000| Untracked 
|  19|0x0000000703c00000, 0x0000000703c00000, 0x0000000703e00000|  0%| F|  |TAMS 0x0000000703c00000, 0x0000000703c00000| Untracked 
|  20|0x0000000703e00000, 0x0000000703e00000, 0x0000000704000000|  0%| F|  |TAMS 0x0000000703e00000, 0x0000000703e00000| Untracked 
|  21|0x0000000704000000, 0x0000000704000000, 0x0000000704200000|  0%| F|  |TAMS 0x0000000704000000, 0x0000000704000000| Untracked 
|  22|0x0000000704200000, 0x0000000704200000, 0x0000000704400000|  0%| F|  |TAMS 0x0000000704200000, 0x0000000704200000| Untracked 
|  23|0x0000000704400000, 0x0000000704400000, 0x0000000704600000|  0%| F|  |TAMS 0x0000000704400000, 0x0000000704400000| Untracked 
|  24|0x0000000704600000, 0x0000000704600000, 0x0000000704800000|  0%| F|  |TAMS 0x0000000704600000, 0x0000000704600000| Untracked 
|  25|0x0000000704800000, 0x0000000704800000, 0x0000000704a00000|  0%| F|  |TAMS 0x0000000704800000, 0x0000000704800000| Untracked 
|  26|0x0000000704a00000, 0x0000000704a00000, 0x0000000704c00000|  0%| F|  |TAMS 0x0000000704a00000, 0x0000000704a00000| Untracked 
|  27|0x0000000704c00000, 0x0000000704c00000, 0x0000000704e00000|  0%| F|  |TAMS 0x0000000704c00000, 0x0000000704c00000| Untracked 
|  28|0x0000000704e00000, 0x0000000704e00000, 0x0000000705000000|  0%| F|  |TAMS 0x0000000704e00000, 0x0000000704e00000| Untracked 
|  29|0x0000000705000000, 0x0000000705000000, 0x0000000705200000|  0%| F|  |TAMS 0x0000000705000000, 0x0000000705000000| Untracked 
|  30|0x0000000705200000, 0x0000000705200000, 0x0000000705400000|  0%| F|  |TAMS 0x0000000705200000, 0x0000000705200000| Untracked 
|  31|0x0000000705400000, 0x0000000705400000, 0x0000000705600000|  0%| F|  |TAMS 0x0000000705400000, 0x0000000705400000| Untracked 
|  32|0x0000000705600000, 0x0000000705600000, 0x0000000705800000|  0%| F|  |TAMS 0x0000000705600000, 0x0000000705600000| Untracked 
|  33|0x0000000705800000, 0x0000000705800000, 0x0000000705a00000|  0%| F|  |TAMS 0x0000000705800000, 0x0000000705800000| Untracked 
|  34|0x0000000705a00000, 0x0000000705a00000, 0x0000000705c00000|  0%| F|  |TAMS 0x0000000705a00000, 0x0000000705a00000| Untracked 
|  35|0x0000000705c00000, 0x0000000705c00000, 0x0000000705e00000|  0%| F|  |TAMS 0x0000000705c00000, 0x0000000705c00000| Untracked 
|  36|0x0000000705e00000, 0x0000000705e00000, 0x0000000706000000|  0%| F|  |TAMS 0x0000000705e00000, 0x0000000705e00000| Untracked 
|  37|0x0000000706000000, 0x0000000706000000, 0x0000000706200000|  0%| F|  |TAMS 0x0000000706000000, 0x0000000706000000| Untracked 
|  38|0x0000000706200000, 0x0000000706200000, 0x0000000706400000|  0%| F|  |TAMS 0x0000000706200000, 0x0000000706200000| Untracked 
|  39|0x0000000706400000, 0x0000000706400000, 0x0000000706600000|  0%| F|  |TAMS 0x0000000706400000, 0x0000000706400000| Untracked 
|  40|0x0000000706600000, 0x0000000706600000, 0x0000000706800000|  0%| F|  |TAMS 0x0000000706600000, 0x0000000706600000| Untracked 
|  41|0x0000000706800000, 0x0000000706800000, 0x0000000706a00000|  0%| F|  |TAMS 0x0000000706800000, 0x0000000706800000| Untracked 
|  42|0x0000000706a00000, 0x0000000706a00000, 0x0000000706c00000|  0%| F|  |TAMS 0x0000000706a00000, 0x0000000706a00000| Untracked 
|  43|0x0000000706c00000, 0x0000000706c00000, 0x0000000706e00000|  0%| F|  |TAMS 0x0000000706c00000, 0x0000000706c00000| Untracked 
|  44|0x0000000706e00000, 0x0000000706e00000, 0x0000000707000000|  0%| F|  |TAMS 0x0000000706e00000, 0x0000000706e00000| Untracked 
|  45|0x0000000707000000, 0x0000000707000000, 0x0000000707200000|  0%| F|  |TAMS 0x0000000707000000, 0x0000000707000000| Untracked 
|  46|0x0000000707200000, 0x0000000707200000, 0x0000000707400000|  0%| F|  |TAMS 0x0000000707200000, 0x0000000707200000| Untracked 
|  47|0x0000000707400000, 0x0000000707400000, 0x0000000707600000|  0%| F|  |TAMS 0x0000000707400000, 0x0000000707400000| Untracked 
|  48|0x0000000707600000, 0x0000000707600000, 0x0000000707800000|  0%| F|  |TAMS 0x0000000707600000, 0x0000000707600000| Untracked 
|  49|0x0000000707800000, 0x0000000707800000, 0x0000000707a00000|  0%| F|  |TAMS 0x0000000707800000, 0x0000000707800000| Untracked 
|  50|0x0000000707a00000, 0x0000000707a00000, 0x0000000707c00000|  0%| F|  |TAMS 0x0000000707a00000, 0x0000000707a00000| Untracked 
|  51|0x0000000707c00000, 0x0000000707c00000, 0x0000000707e00000|  0%| F|  |TAMS 0x0000000707c00000, 0x0000000707c00000| Untracked 
|  52|0x0000000707e00000, 0x0000000707e00000, 0x0000000708000000|  0%| F|  |TAMS 0x0000000707e00000, 0x0000000707e00000| Untracked 
|  53|0x0000000708000000, 0x0000000708000000, 0x0000000708200000|  0%| F|  |TAMS 0x0000000708000000, 0x0000000708000000| Untracked 
|  54|0x0000000708200000, 0x0000000708200000, 0x0000000708400000|  0%| F|  |TAMS 0x0000000708200000, 0x0000000708200000| Untracked 
|  55|0x0000000708400000, 0x0000000708400000, 0x0000000708600000|  0%| F|  |TAMS 0x0000000708400000, 0x0000000708400000| Untracked 
|  56|0x0000000708600000, 0x0000000708600000, 0x0000000708800000|  0%| F|  |TAMS 0x0000000708600000, 0x0000000708600000| Untracked 
|  57|0x0000000708800000, 0x0000000708800000, 0x0000000708a00000|  0%| F|  |TAMS 0x0000000708800000, 0x0000000708800000| Untracked 
|  58|0x0000000708a00000, 0x0000000708a00000, 0x0000000708c00000|  0%| F|  |TAMS 0x0000000708a00000, 0x0000000708a00000| Untracked 
|  59|0x0000000708c00000, 0x0000000708c00000, 0x0000000708e00000|  0%| F|  |TAMS 0x0000000708c00000, 0x0000000708c00000| Untracked 
|  60|0x0000000708e00000, 0x0000000708e00000, 0x0000000709000000|  0%| F|  |TAMS 0x0000000708e00000, 0x0000000708e00000| Untracked 
|  61|0x0000000709000000, 0x0000000709000000, 0x0000000709200000|  0%| F|  |TAMS 0x0000000709000000, 0x0000000709000000| Untracked 
|  62|0x0000000709200000, 0x0000000709200000, 0x0000000709400000|  0%| F|  |TAMS 0x0000000709200000, 0x0000000709200000| Untracked 
|  63|0x0000000709400000, 0x0000000709400000, 0x0000000709600000|  0%| F|  |TAMS 0x0000000709400000, 0x0000000709400000| Untracked 
|  64|0x0000000709600000, 0x0000000709600000, 0x0000000709800000|  0%| F|  |TAMS 0x0000000709600000, 0x0000000709600000| Untracked 
|  65|0x0000000709800000, 0x0000000709800000, 0x0000000709a00000|  0%| F|  |TAMS 0x0000000709800000, 0x0000000709800000| Untracked 
|  66|0x0000000709a00000, 0x0000000709a00000, 0x0000000709c00000|  0%| F|  |TAMS 0x0000000709a00000, 0x0000000709a00000| Untracked 
|  67|0x0000000709c00000, 0x0000000709c00000, 0x0000000709e00000|  0%| F|  |TAMS 0x0000000709c00000, 0x0000000709c00000| Untracked 
|  68|0x0000000709e00000, 0x0000000709e00000, 0x000000070a000000|  0%| F|  |TAMS 0x0000000709e00000, 0x0000000709e00000| Untracked 
|  69|0x000000070a000000, 0x000000070a000000, 0x000000070a200000|  0%| F|  |TAMS 0x000000070a000000, 0x000000070a000000| Untracked 
|  70|0x000000070a200000, 0x000000070a200000, 0x000000070a400000|  0%| F|  |TAMS 0x000000070a200000, 0x000000070a200000| Untracked 
|  71|0x000000070a400000, 0x000000070a400000, 0x000000070a600000|  0%| F|  |TAMS 0x000000070a400000, 0x000000070a400000| Untracked 
|  72|0x000000070a600000, 0x000000070a600000, 0x000000070a800000|  0%| F|  |TAMS 0x000000070a600000, 0x000000070a600000| Untracked 
|  73|0x000000070a800000, 0x000000070a800000, 0x000000070aa00000|  0%| F|  |TAMS 0x000000070a800000, 0x000000070a800000| Untracked 
|  74|0x000000070aa00000, 0x000000070aa00000, 0x000000070ac00000|  0%| F|  |TAMS 0x000000070aa00000, 0x000000070aa00000| Untracked 
|  75|0x000000070ac00000, 0x000000070ac00000, 0x000000070ae00000|  0%| F|  |TAMS 0x000000070ac00000, 0x000000070ac00000| Untracked 
|  76|0x000000070ae00000, 0x000000070ae00000, 0x000000070b000000|  0%| F|  |TAMS 0x000000070ae00000, 0x000000070ae00000| Untracked 
|  77|0x000000070b000000, 0x000000070b000000, 0x000000070b200000|  0%| F|  |TAMS 0x000000070b000000, 0x000000070b000000| Untracked 
|  78|0x000000070b200000, 0x000000070b200000, 0x000000070b400000|  0%| F|  |TAMS 0x000000070b200000, 0x000000070b200000| Untracked 
|  79|0x000000070b400000, 0x000000070b400000, 0x000000070b600000|  0%| F|  |TAMS 0x000000070b400000, 0x000000070b400000| Untracked 
|  80|0x000000070b600000, 0x000000070b600000, 0x000000070b800000|  0%| F|  |TAMS 0x000000070b600000, 0x000000070b600000| Untracked 
|  81|0x000000070b800000, 0x000000070b800000, 0x000000070ba00000|  0%| F|  |TAMS 0x000000070b800000, 0x000000070b800000| Untracked 
|  82|0x000000070ba00000, 0x000000070ba00000, 0x000000070bc00000|  0%| F|  |TAMS 0x000000070ba00000, 0x000000070ba00000| Untracked 
|  83|0x000000070bc00000, 0x000000070bc00000, 0x000000070be00000|  0%| F|  |TAMS 0x000000070bc00000, 0x000000070bc00000| Untracked 
|  84|0x000000070be00000, 0x000000070be00000, 0x000000070c000000|  0%| F|  |TAMS 0x000000070be00000, 0x000000070be00000| Untracked 
|  85|0x000000070c000000, 0x000000070c000000, 0x000000070c200000|  0%| F|  |TAMS 0x000000070c000000, 0x000000070c000000| Untracked 
|  86|0x000000070c200000, 0x000000070c200000, 0x000000070c400000|  0%| F|  |TAMS 0x000000070c200000, 0x000000070c200000| Untracked 
|  87|0x000000070c400000, 0x000000070c400000, 0x000000070c600000|  0%| F|  |TAMS 0x000000070c400000, 0x000000070c400000| Untracked 
|  88|0x000000070c600000, 0x000000070c600000, 0x000000070c800000|  0%| F|  |TAMS 0x000000070c600000, 0x000000070c600000| Untracked 
|  89|0x000000070c800000, 0x000000070c800000, 0x000000070ca00000|  0%| F|  |TAMS 0x000000070c800000, 0x000000070c800000| Untracked 
|  90|0x000000070ca00000, 0x000000070ca00000, 0x000000070cc00000|  0%| F|  |TAMS 0x000000070ca00000, 0x000000070ca00000| Untracked 
|  91|0x000000070cc00000, 0x000000070cc00000, 0x000000070ce00000|  0%| F|  |TAMS 0x000000070cc00000, 0x000000070cc00000| Untracked 
|  92|0x000000070ce00000, 0x000000070ce00000, 0x000000070d000000|  0%| F|  |TAMS 0x000000070ce00000, 0x000000070ce00000| Untracked 
|  93|0x000000070d000000, 0x000000070d000000, 0x000000070d200000|  0%| F|  |TAMS 0x000000070d000000, 0x000000070d000000| Untracked 
|  94|0x000000070d200000, 0x000000070d200000, 0x000000070d400000|  0%| F|  |TAMS 0x000000070d200000, 0x000000070d200000| Untracked 
|  95|0x000000070d400000, 0x000000070d400000, 0x000000070d600000|  0%| F|  |TAMS 0x000000070d400000, 0x000000070d400000| Untracked 
|  96|0x000000070d600000, 0x000000070d600000, 0x000000070d800000|  0%| F|  |TAMS 0x000000070d600000, 0x000000070d600000| Untracked 
|  97|0x000000070d800000, 0x000000070d800000, 0x000000070da00000|  0%| F|  |TAMS 0x000000070d800000, 0x000000070d800000| Untracked 
|  98|0x000000070da00000, 0x000000070da00000, 0x000000070dc00000|  0%| F|  |TAMS 0x000000070da00000, 0x000000070da00000| Untracked 
|  99|0x000000070dc00000, 0x000000070dc00000, 0x000000070de00000|  0%| F|  |TAMS 0x000000070dc00000, 0x000000070dc00000| Untracked 
| 100|0x000000070de00000, 0x000000070de00000, 0x000000070e000000|  0%| F|  |TAMS 0x000000070de00000, 0x000000070de00000| Untracked 
| 101|0x000000070e000000, 0x000000070e000000, 0x000000070e200000|  0%| F|  |TAMS 0x000000070e000000, 0x000000070e000000| Untracked 
| 102|0x000000070e200000, 0x000000070e200000, 0x000000070e400000|  0%| F|  |TAMS 0x000000070e200000, 0x000000070e200000| Untracked 
| 103|0x000000070e400000, 0x000000070e400000, 0x000000070e600000|  0%| F|  |TAMS 0x000000070e400000, 0x000000070e400000| Untracked 
| 104|0x000000070e600000, 0x000000070e600000, 0x000000070e800000|  0%| F|  |TAMS 0x000000070e600000, 0x000000070e600000| Untracked 
| 105|0x000000070e800000, 0x000000070e800000, 0x000000070ea00000|  0%| F|  |TAMS 0x000000070e800000, 0x000000070e800000| Untracked 
| 106|0x000000070ea00000, 0x000000070ea00000, 0x000000070ec00000|  0%| F|  |TAMS 0x000000070ea00000, 0x000000070ea00000| Untracked 
| 107|0x000000070ec00000, 0x000000070ec00000, 0x000000070ee00000|  0%| F|  |TAMS 0x000000070ec00000, 0x000000070ec00000| Untracked 
| 108|0x000000070ee00000, 0x000000070ee00000, 0x000000070f000000|  0%| F|  |TAMS 0x000000070ee00000, 0x000000070ee00000| Untracked 
| 109|0x000000070f000000, 0x000000070f000000, 0x000000070f200000|  0%| F|  |TAMS 0x000000070f000000, 0x000000070f000000| Untracked 
| 110|0x000000070f200000, 0x000000070f200000, 0x000000070f400000|  0%| F|  |TAMS 0x000000070f200000, 0x000000070f200000| Untracked 
| 111|0x000000070f400000, 0x000000070f400000, 0x000000070f600000|  0%| F|  |TAMS 0x000000070f400000, 0x000000070f400000| Untracked 
| 112|0x000000070f600000, 0x000000070f600000, 0x000000070f800000|  0%| F|  |TAMS 0x000000070f600000, 0x000000070f600000| Untracked 
| 113|0x000000070f800000, 0x000000070f800000, 0x000000070fa00000|  0%| F|  |TAMS 0x000000070f800000, 0x000000070f800000| Untracked 
| 114|0x000000070fa00000, 0x000000070fa00000, 0x000000070fc00000|  0%| F|  |TAMS 0x000000070fa00000, 0x000000070fa00000| Untracked 
| 115|0x000000070fc00000, 0x000000070fc00000, 0x000000070fe00000|  0%| F|  |TAMS 0x000000070fc00000, 0x000000070fc00000| Untracked 
| 116|0x000000070fe00000, 0x000000070fe00000, 0x0000000710000000|  0%| F|  |TAMS 0x000000070fe00000, 0x000000070fe00000| Untracked 
| 117|0x0000000710000000, 0x0000000710000000, 0x0000000710200000|  0%| F|  |TAMS 0x0000000710000000, 0x0000000710000000| Untracked 
| 118|0x0000000710200000, 0x0000000710200000, 0x0000000710400000|  0%| F|  |TAMS 0x0000000710200000, 0x0000000710200000| Untracked 
| 119|0x0000000710400000, 0x0000000710400000, 0x0000000710600000|  0%| F|  |TAMS 0x0000000710400000, 0x0000000710400000| Untracked 
| 120|0x0000000710600000, 0x0000000710600000, 0x0000000710800000|  0%| F|  |TAMS 0x0000000710600000, 0x0000000710600000| Untracked 
| 121|0x0000000710800000, 0x0000000710800000, 0x0000000710a00000|  0%| F|  |TAMS 0x0000000710800000, 0x0000000710800000| Untracked 
| 122|0x0000000710a00000, 0x0000000710a00000, 0x0000000710c00000|  0%| F|  |TAMS 0x0000000710a00000, 0x0000000710a00000| Untracked 
| 123|0x0000000710c00000, 0x0000000710ce28f0, 0x0000000710e00000| 44%| E|  |TAMS 0x0000000710c00000, 0x0000000710c00000| Complete 
| 124|0x0000000710e00000, 0x0000000711000000, 0x0000000711000000|100%| E|CS|TAMS 0x0000000710e00000, 0x0000000710e00000| Complete 
| 125|0x0000000711000000, 0x0000000711200000, 0x0000000711200000|100%| E|CS|TAMS 0x0000000711000000, 0x0000000711000000| Complete 
| 126|0x0000000711200000, 0x0000000711400000, 0x0000000711400000|100%| E|CS|TAMS 0x0000000711200000, 0x0000000711200000| Complete 
| 127|0x0000000711400000, 0x0000000711600000, 0x0000000711600000|100%| E|CS|TAMS 0x0000000711400000, 0x0000000711400000| Complete 

Card table byte_map: [0x00000231ff470000,0x00000231ffc70000] _byte_map_base: 0x00000231fbc65000

Marking Bits (Prev, Next): (CMBitMap*) 0x00000231fe68f810, (CMBitMap*) 0x00000231fe68f850
 Prev Bits: [0x00000231980f0000, 0x000002319c098000)
 Next Bits: [0x000002319c0a0000, 0x00000231a0048000)

Polling page: 0x00000231fc4c0000

Metaspace:

Usage:
  Non-class:      3.25 MB used.
      Class:    238.90 KB used.
       Both:      3.48 MB used.

Virtual space:
  Non-class space:        8.00 MB reserved,       3.31 MB ( 41%) committed,  1 nodes.
      Class space:        1.00 GB reserved,     320.00 KB ( <1%) committed,  1 nodes.
              Both:        1.01 GB reserved,       3.63 MB ( <1%) committed. 

Chunk freelists:
   Non-Class:  2.28 MB
       Class:  3.61 MB
        Both:  5.89 MB

MaxMetaspaceSize: 17179869184.00 GB
CompressedClassSpaceSize: 1.00 GB
 - commit_granule_bytes: 65536.
 - commit_granule_words: 8192.
 - virtual_space_node_default_size: 1048576.
 - enlarge_chunks_in_place: 1.
 - new_chunks_are_fully_committed: 0.
 - uncommit_free_chunks: 1.
 - use_allocation_guard: 0.
 - handle_deallocations: 1.


Internal statistics:

num_allocs_failed_limit: 0.
num_arena_births: 60.
num_arena_deaths: 0.
num_vsnodes_births: 2.
num_vsnodes_deaths: 0.
num_space_committed: 58.
num_space_uncommitted: 0.
num_chunks_returned_to_freelist: 0.
num_chunks_taken_from_freelist: 150.
num_chunk_merges: 0.
num_chunk_splits: 97.
num_chunks_enlarged: 74.
num_purges: 0.

CodeHeap 'non-profiled nmethods': size=120000Kb used=196Kb max_used=196Kb free=119803Kb
 bounds [0x00000231903c0000, 0x0000023190630000, 0x00000231978f0000]
CodeHeap 'profiled nmethods': size=120000Kb used=930Kb max_used=930Kb free=119069Kb
 bounds [0x0000023188e90000, 0x0000023189100000, 0x00000231903c0000]
CodeHeap 'non-nmethods': size=5760Kb used=1568Kb max_used=1582Kb free=4192Kb
 bounds [0x00000231888f0000, 0x0000023188b60000, 0x0000023188e90000]
 total_blobs=1588 nmethods=608 adapters=893
 compilation: enabled
              stopped_count=0, restarted_count=0
 full_count=0

Compilation events (20 events):
Event: 0.245 Thread 0x00000231a29906a0 nmethod 600 0x0000023188f72c90 code [0x0000023188f72e40, 0x0000023188f73038]
Event: 0.245 Thread 0x00000231a29906a0  599       3       sun.misc.Unsafe::putLong (11 bytes)
Event: 0.245 Thread 0x00000231a29906a0 nmethod 599 0x0000023188f73110 code [0x0000023188f732a0, 0x0000023188f733b8]
Event: 0.245 Thread 0x00000231a29906a0  603       3       java.util.ArrayDeque::elementAt (4 bytes)
Event: 0.245 Thread 0x00000231a29906a0 nmethod 603 0x0000023188f73490 code [0x0000023188f73620, 0x0000023188f73738]
Event: 0.245 Thread 0x00000231a29906a0  604       3       java.lang.String::toLowerCase (8 bytes)
Event: 0.245 Thread 0x00000231a29906a0 nmethod 604 0x0000023188f73810 code [0x0000023188f73a00, 0x0000023188f73d98]
Event: 0.245 Thread 0x00000231a29906a0  605       3       java.util.Locale::getDefault (4 bytes)
Event: 0.245 Thread 0x00000231a29906a0 nmethod 605 0x0000023188f73f10 code [0x0000023188f740a0, 0x0000023188f74198]
Event: 0.246 Thread 0x00000231a29906a0  606   !   3       jdk.internal.loader.URLClassPath$JarLoader::getResource (354 bytes)
Event: 0.247 Thread 0x00000231a29906a0 nmethod 606 0x0000023188f74210 code [0x0000023188f746a0, 0x0000023188f768c8]
Event: 0.247 Thread 0x00000231a298cee0 nmethod 597 0x00000231903f0690 code [0x00000231903f0820, 0x00000231903f0c58]
Event: 0.247 Thread 0x00000231a29906a0  609       3       java.io.InputStream::<init> (5 bytes)
Event: 0.247 Thread 0x00000231a298cee0  601       4       java.lang.Integer::toUnsignedLong (7 bytes)
Event: 0.247 Thread 0x00000231a29906a0 nmethod 609 0x0000023188f77a90 code [0x0000023188f77c40, 0x0000023188f77d98]
Event: 0.247 Thread 0x00000231a29906a0  607       3       java.util.jar.Attributes::getValue (9 bytes)
Event: 0.247 Thread 0x00000231a298cee0 nmethod 601 0x00000231903f0e10 code [0x00000231903f0f80, 0x00000231903f0fd8]
Event: 0.247 Thread 0x00000231a29906a0 nmethod 607 0x0000023188f77e90 code [0x0000023188f78040, 0x0000023188f78388]
Event: 0.247 Thread 0x00000231a29906a0  608       3       java.util.jar.Attributes::get (11 bytes)
Event: 0.247 Thread 0x00000231a29906a0 nmethod 608 0x0000023188f78490 code [0x0000023188f78640, 0x0000023188f78828]

GC Heap History (0 events):
No events

Deoptimization events (20 events):
Event: 0.098 Thread 0x00000231fe63da20 Uncommon trap: trap_request=0xffffff45 fr.pc=0x00000231903d7fb8 relative=0x0000000000000218
Event: 0.098 Thread 0x00000231fe63da20 Uncommon trap: reason=unstable_if action=reinterpret pc=0x00000231903d7fb8 method=java.lang.String.startsWith(Ljava/lang/String;I)Z @ 14 c2
Event: 0.098 Thread 0x00000231fe63da20 DEOPT PACKING pc=0x00000231903d7fb8 sp=0x000000ba6ddfaff0
Event: 0.098 Thread 0x00000231fe63da20 DEOPT UNPACKING pc=0x000002318893d72e sp=0x000000ba6ddfaf50 mode 2
Event: 0.102 Thread 0x00000231fe63da20 DEOPT PACKING pc=0x0000023188f0b865 sp=0x000000ba6ddfa8d0
Event: 0.102 Thread 0x00000231fe63da20 DEOPT UNPACKING pc=0x000002318893dece sp=0x000000ba6ddf9d20 mode 0
Event: 0.107 Thread 0x00000231fe63da20 Uncommon trap: trap_request=0xffffff45 fr.pc=0x00000231903e1084 relative=0x0000000000000064
Event: 0.107 Thread 0x00000231fe63da20 Uncommon trap: reason=unstable_if action=reinterpret pc=0x00000231903e1084 method=java.io.WinNTFileSystem.isSlash(C)Z @ 9 c2
Event: 0.107 Thread 0x00000231fe63da20 DEOPT PACKING pc=0x00000231903e1084 sp=0x000000ba6ddfb7f0
Event: 0.107 Thread 0x00000231fe63da20 DEOPT UNPACKING pc=0x000002318893d72e sp=0x000000ba6ddfb778 mode 2
Event: 0.121 Thread 0x00000231fe63da20 DEOPT PACKING pc=0x0000023188f0b865 sp=0x000000ba6ddfb6c0
Event: 0.121 Thread 0x00000231fe63da20 DEOPT UNPACKING pc=0x000002318893dece sp=0x000000ba6ddfab38 mode 0
Event: 0.127 Thread 0x00000231fe63da20 DEOPT PACKING pc=0x0000023188f0b865 sp=0x000000ba6ddf8b60
Event: 0.127 Thread 0x00000231fe63da20 DEOPT UNPACKING pc=0x000002318893dece sp=0x000000ba6ddf7fb0 mode 0
Event: 0.204 Thread 0x00000231fe63da20 DEOPT PACKING pc=0x0000023188f0b865 sp=0x000000ba6ddfa040
Event: 0.204 Thread 0x00000231fe63da20 DEOPT UNPACKING pc=0x000002318893dece sp=0x000000ba6ddf9490 mode 0
Event: 0.208 Thread 0x00000231fe63da20 DEOPT PACKING pc=0x0000023188f0b865 sp=0x000000ba6ddfda90
Event: 0.208 Thread 0x00000231fe63da20 DEOPT UNPACKING pc=0x000002318893dece sp=0x000000ba6ddfcee0 mode 0
Event: 0.223 Thread 0x00000231fe63da20 DEOPT PACKING pc=0x0000023188f0b865 sp=0x000000ba6ddf8cc0
Event: 0.223 Thread 0x00000231fe63da20 DEOPT UNPACKING pc=0x000002318893dece sp=0x000000ba6ddf8110 mode 0

Classes unloaded (0 events):
No events

Classes redefined (0 events):
No events

Internal exceptions (20 events):
Event: 0.071 Thread 0x00000231a356e930 Exception <a 'java/lang/NoSuchMethodError'{0x0000000711308cc0}: 'java.lang.Object java.lang.invoke.DirectMethodHandle$Holder.invokeStaticInit(java.lang.Object)'> (0x0000000711308cc0) 
thrown [c:\wsjdk\correttojdksrc\installers\windows\zip\corretto-build\buildroot\src\hotspot\share\interpreter\linkResolver.cpp, line 790]
Event: 0.075 Thread 0x00000231a356e930 Exception <a 'java/lang/NoSuchMethodError'{0x0000000711316a20}: 'void java.lang.invoke.DirectMethodHandle$Holder.invokeStatic(java.lang.Object, java.lang.Object)'> (0x0000000711316a20) 
thrown [c:\wsjdk\correttojdksrc\installers\windows\zip\corretto-build\buildroot\src\hotspot\share\interpreter\linkResolver.cpp, line 790]
Event: 0.092 Thread 0x00000231fe63da20 Exception <a 'java/lang/NoSuchMethodError'{0x00000007110d4a28}: 'void java.lang.invoke.DirectMethodHandle$Holder.invokeSpecial(java.lang.Object, java.lang.Object, java.lang.Object)'> (0x00000007110d4a28) 
thrown [c:\wsjdk\correttojdksrc\installers\windows\zip\corretto-build\buildroot\src\hotspot\share\interpreter\linkResolver.cpp, line 790]
Event: 0.094 Thread 0x00000231fe63da20 Exception <a 'java/lang/NoSuchMethodError'{0x00000007110e90e8}: 'java.lang.Object java.lang.invoke.DirectMethodHandle$Holder.invokeStatic(java.lang.Object, java.lang.Object, int)'> (0x00000007110e90e8) 
thrown [c:\wsjdk\correttojdksrc\installers\windows\zip\corretto-build\buildroot\src\hotspot\share\interpreter\linkResolver.cpp, line 790]
Event: 0.094 Thread 0x00000231fe63da20 Exception <a 'java/lang/NoSuchMethodError'{0x00000007110f5290}: 'void java.lang.invoke.DelegatingMethodHandle$Holder.delegate(java.lang.Object, java.lang.Object, int, java.lang.Object)'> (0x00000007110f5290) 
thrown [c:\wsjdk\correttojdksrc\installers\windows\zip\corretto-build\buildroot\src\hotspot\share\interpreter\linkResolver.cpp, line 790]
Event: 0.095 Thread 0x00000231fe63da20 Exception <a 'java/lang/NoSuchMethodError'{0x00000007110f93e0}: 'int java.lang.invoke.DirectMethodHandle$Holder.invokeSpecial(java.lang.Object, java.lang.Object, java.lang.Object)'> (0x00000007110f93e0) 
thrown [c:\wsjdk\correttojdksrc\installers\windows\zip\corretto-build\buildroot\src\hotspot\share\interpreter\linkResolver.cpp, line 790]
Event: 0.111 Thread 0x00000231fe63da20 Exception <a 'sun/nio/fs/WindowsException'{0x00000007111669e0}> (0x00000007111669e0) 
thrown [c:\wsjdk\correttojdksrc\installers\windows\zip\corretto-build\buildroot\src\hotspot\share\prims\jni.cpp, line 579]
Event: 0.111 Thread 0x00000231fe63da20 Exception <a 'sun/nio/fs/WindowsException'{0x0000000711166f70}> (0x0000000711166f70) 
thrown [c:\wsjdk\correttojdksrc\installers\windows\zip\corretto-build\buildroot\src\hotspot\share\prims\jni.cpp, line 579]
Event: 0.117 Thread 0x00000231fe63da20 Exception <a 'java/lang/NoSuchMethodError'{0x000000071119a0c8}: 'int java.lang.invoke.DirectMethodHandle$Holder.invokeStaticInit(java.lang.Object, java.lang.Object, int, long)'> (0x000000071119a0c8) 
thrown [c:\wsjdk\correttojdksrc\installers\windows\zip\corretto-build\buildroot\src\hotspot\share\interpreter\linkResolver.cpp, line 790]
Event: 0.117 Thread 0x00000231fe63da20 Exception <a 'java/lang/NoSuchMethodError'{0x000000071119fb98}: 'java.lang.Object java.lang.invoke.DirectMethodHandle$Holder.newInvokeSpecial(java.lang.Object, java.lang.Object, int)'> (0x000000071119fb98) 
thrown [c:\wsjdk\correttojdksrc\installers\windows\zip\corretto-build\buildroot\src\hotspot\share\interpreter\linkResolver.cpp, line 790]
Event: 0.118 Thread 0x00000231fe63da20 Exception <a 'java/lang/NoSuchMethodError'{0x00000007111af7d8}: 'int java.lang.invoke.DirectMethodHandle$Holder.invokeStaticInit(java.lang.Object, java.lang.Object, long, long)'> (0x00000007111af7d8) 
thrown [c:\wsjdk\correttojdksrc\installers\windows\zip\corretto-build\buildroot\src\hotspot\share\interpreter\linkResolver.cpp, line 790]
Event: 0.118 Thread 0x00000231fe63da20 Exception <a 'java/lang/NoSuchMethodError'{0x00000007111b5b80}: 'java.lang.Object java.lang.invoke.DirectMethodHandle$Holder.newInvokeSpecial(java.lang.Object, java.lang.Object, long)'> (0x00000007111b5b80) 
thrown [c:\wsjdk\correttojdksrc\installers\windows\zip\corretto-build\buildroot\src\hotspot\share\interpreter\linkResolver.cpp, line 790]
Event: 0.119 Thread 0x00000231fe63da20 Exception <a 'java/lang/NoSuchMethodError'{0x00000007111b9e10}: 'java.lang.Object java.lang.invoke.Invokers$Holder.linkToTargetMethod(java.lang.Object, long, java.lang.Object)'> (0x00000007111b9e10) 
thrown [c:\wsjdk\correttojdksrc\installers\windows\zip\corretto-build\buildroot\src\hotspot\share\interpreter\linkResolver.cpp, line 790]
Event: 0.119 Thread 0x00000231fe63da20 Exception <a 'java/lang/NoSuchMethodError'{0x00000007111c18b8}: 'int java.lang.invoke.DirectMethodHandle$Holder.invokeStaticInit(java.lang.Object, java.lang.Object, java.lang.Object, long)'> (0x00000007111c18b8) 
thrown [c:\wsjdk\correttojdksrc\installers\windows\zip\corretto-build\buildroot\src\hotspot\share\interpreter\linkResolver.cpp, line 790]
Event: 0.130 Thread 0x00000231fe63da20 Exception <a 'sun/nio/fs/WindowsException'{0x0000000710e7b428}> (0x0000000710e7b428) 
thrown [c:\wsjdk\correttojdksrc\installers\windows\zip\corretto-build\buildroot\src\hotspot\share\prims\jni.cpp, line 579]
Event: 0.130 Thread 0x00000231fe63da20 Exception <a 'sun/nio/fs/WindowsException'{0x0000000710e7b7d8}> (0x0000000710e7b7d8) 
thrown [c:\wsjdk\correttojdksrc\installers\windows\zip\corretto-build\buildroot\src\hotspot\share\prims\jni.cpp, line 579]
Event: 0.242 Thread 0x00000231fe63da20 Exception <a 'sun/nio/fs/WindowsException'{0x0000000710c2e0a8}> (0x0000000710c2e0a8) 
thrown [c:\wsjdk\correttojdksrc\installers\windows\zip\corretto-build\buildroot\src\hotspot\share\prims\jni.cpp, line 579]
Event: 0.242 Thread 0x00000231fe63da20 Exception <a 'sun/nio/fs/WindowsException'{0x0000000710c2e498}> (0x0000000710c2e498) 
thrown [c:\wsjdk\correttojdksrc\installers\windows\zip\corretto-build\buildroot\src\hotspot\share\prims\jni.cpp, line 579]
Event: 0.244 Thread 0x00000231fe63da20 Exception <a 'sun/nio/fs/WindowsException'{0x0000000710c3cae0}> (0x0000000710c3cae0) 
thrown [c:\wsjdk\correttojdksrc\installers\windows\zip\corretto-build\buildroot\src\hotspot\share\prims\jni.cpp, line 579]
Event: 0.244 Thread 0x00000231fe63da20 Exception <a 'sun/nio/fs/WindowsException'{0x0000000710c3ce08}> (0x0000000710c3ce08) 
thrown [c:\wsjdk\correttojdksrc\installers\windows\zip\corretto-build\buildroot\src\hotspot\share\prims\jni.cpp, line 579]

Events (20 events):
Event: 0.115 loading class jdk/internal/reflect/UnsafeQualifiedStaticObjectFieldAccessorImpl done
Event: 0.116 loading class java/util/function/LongPredicate
Event: 0.116 loading class java/util/function/LongPredicate done
Event: 0.117 loading class jdk/internal/access/foreign/MemorySegmentProxy
Event: 0.117 loading class jdk/internal/access/foreign/MemorySegmentProxy done
Event: 0.120 loading class java/nio/InvalidMarkException
Event: 0.120 loading class java/nio/InvalidMarkException done
Event: 0.120 loading class java/nio/BufferUnderflowException
Event: 0.120 loading class java/nio/BufferUnderflowException done
Event: 0.130 loading class java/lang/NoSuchFieldError
Event: 0.130 loading class java/lang/NoSuchFieldError done
Event: 0.133 loading class jdk/internal/reflect/UnsafeQualifiedStaticIntegerFieldAccessorImpl
Event: 0.133 loading class jdk/internal/reflect/UnsafeQualifiedStaticIntegerFieldAccessorImpl done
Event: 0.205 loading class java/lang/AssertionError
Event: 0.205 loading class java/lang/AssertionError done
Event: 0.228 loading class java/io/StringWriter
Event: 0.228 loading class java/io/StringWriter done
Event: 0.239 loading class jdk/internal/misc/ScopedMemoryAccess$Scope
Event: 0.239 loading class jdk/internal/misc/ScopedMemoryAccess$Scope done
Event: 0.243 Loaded shared library C:\Users\DaylightNebula\AppData\Local\Temp\lwjglDaylightNebula\3.3.1-build-7\lwjgl_opengl.dll


Dynamic libraries:
0x00007ff691c90000 - 0x00007ff691c9d000 	C:\Users\DaylightNebula\.jdks\corretto-16.0.2\bin\java.exe
0x00007ffb23c20000 - 0x00007ffb23e29000 	C:\Windows\SYSTEM32\ntdll.dll
0x00007ffb21e10000 - 0x00007ffb21ece000 	C:\Windows\System32\KERNEL32.DLL
0x00007ffb215b0000 - 0x00007ffb2192b000 	C:\Windows\System32\KERNELBASE.dll
0x00007ffb210f0000 - 0x00007ffb21201000 	C:\Windows\System32\ucrtbase.dll
0x00007ffb11900000 - 0x00007ffb11918000 	C:\Users\DaylightNebula\.jdks\corretto-16.0.2\bin\jli.dll
0x00007ffb1df20000 - 0x00007ffb1df35000 	C:\Users\DaylightNebula\.jdks\corretto-16.0.2\bin\VCRUNTIME140.dll
0x00007ffb23920000 - 0x00007ffb23acd000 	C:\Windows\System32\USER32.dll
0x00007ffb213f0000 - 0x00007ffb21416000 	C:\Windows\System32\win32u.dll
0x00007ffb0a550000 - 0x00007ffb0a7f5000 	C:\Windows\WinSxS\amd64_microsoft.windows.common-controls_6595b64144ccf1df_6.0.22000.120_none_9d947278b86cc467\COMCTL32.dll
0x00007ffb23bb0000 - 0x00007ffb23bd9000 	C:\Windows\System32\GDI32.dll
0x00007ffb21bc0000 - 0x00007ffb21c63000 	C:\Windows\System32\msvcrt.dll
0x00007ffb21420000 - 0x00007ffb21538000 	C:\Windows\System32\gdi32full.dll
0x00007ffb21210000 - 0x00007ffb212ad000 	C:\Windows\System32\msvcp_win.dll
0x00007ffb23330000 - 0x00007ffb23362000 	C:\Windows\System32\IMM32.DLL
0x00007ffa83080000 - 0x00007ffa8311b000 	C:\Users\DaylightNebula\.jdks\corretto-16.0.2\bin\msvcp140.dll
0x00007ffa654e0000 - 0x00007ffa660e9000 	C:\Users\DaylightNebula\.jdks\corretto-16.0.2\bin\server\jvm.dll
0x00007ffb23280000 - 0x00007ffb2332e000 	C:\Windows\System32\ADVAPI32.dll
0x00007ffb22a20000 - 0x00007ffb22abe000 	C:\Windows\System32\sechost.dll
0x00007ffb221d0000 - 0x00007ffb222f0000 	C:\Windows\System32\RPCRT4.dll
0x00007ffb23910000 - 0x00007ffb23918000 	C:\Windows\System32\PSAPI.DLL
0x00007ffb0ce30000 - 0x00007ffb0ce39000 	C:\Windows\SYSTEM32\WSOCK32.dll
0x00007ffb17130000 - 0x00007ffb17163000 	C:\Windows\SYSTEM32\WINMM.dll
0x00007ffb23390000 - 0x00007ffb233ff000 	C:\Windows\System32\WS2_32.dll
0x00007ffb17f90000 - 0x00007ffb17f9a000 	C:\Windows\SYSTEM32\VERSION.dll
0x00007ffb20150000 - 0x00007ffb20168000 	C:\Windows\SYSTEM32\kernel.appcore.dll
0x00007ffb074b0000 - 0x00007ffb074ba000 	C:\Users\DaylightNebula\.jdks\corretto-16.0.2\bin\jimage.dll
0x00007ffb1eb20000 - 0x00007ffb1ed41000 	C:\Windows\SYSTEM32\DBGHELP.DLL
0x00007ffb0ec40000 - 0x00007ffb0ec71000 	C:\Windows\SYSTEM32\dbgcore.DLL
0x00007ffb212b0000 - 0x00007ffb2132f000 	C:\Windows\System32\bcryptPrimitives.dll
0x00007ffb05e50000 - 0x00007ffb05e5e000 	C:\Users\DaylightNebula\.jdks\corretto-16.0.2\bin\instrument.dll
0x00007ffb065b0000 - 0x00007ffb065d5000 	C:\Users\DaylightNebula\.jdks\corretto-16.0.2\bin\java.dll
0x00007ffb22ac0000 - 0x00007ffb23277000 	C:\Windows\System32\SHELL32.dll
0x00007ffb1f1c0000 - 0x00007ffb1fa25000 	C:\Windows\SYSTEM32\windows.storage.dll
0x00007ffb23470000 - 0x00007ffb237e8000 	C:\Windows\System32\combase.dll
0x00007ffb1f050000 - 0x00007ffb1f1b6000 	C:\Windows\SYSTEM32\wintypes.dll
0x00007ffb21ed0000 - 0x00007ffb21fba000 	C:\Windows\System32\SHCORE.dll
0x00007ffb21b60000 - 0x00007ffb21bbd000 	C:\Windows\System32\shlwapi.dll
0x00007ffb21020000 - 0x00007ffb21041000 	C:\Windows\SYSTEM32\profapi.dll
0x00007ffb06c40000 - 0x00007ffb06c58000 	C:\Users\DaylightNebula\.jdks\corretto-16.0.2\bin\zip.dll
0x00007ffb07440000 - 0x00007ffb07459000 	C:\Users\DaylightNebula\.jdks\corretto-16.0.2\bin\net.dll
0x00007ffb1bf90000 - 0x00007ffb1c0a4000 	C:\Windows\SYSTEM32\WINHTTP.dll
0x00007ffb205f0000 - 0x00007ffb20657000 	C:\Windows\system32\mswsock.dll
0x00007ffb06de0000 - 0x00007ffb06df3000 	C:\Users\DaylightNebula\.jdks\corretto-16.0.2\bin\nio.dll
0x00007ffafa160000 - 0x00007ffafa17a000 	C:\Users\DaylightNebula\AppData\Local\JetBrains\Toolbox\apps\IDEA-C\ch-0\222.4167.29\bin\breakgen64.dll
0x00007ffa83000000 - 0x00007ffa83075000 	C:\Users\DaylightNebula\AppData\Local\Temp\lwjglDaylightNebula\3.3.1-build-7\lwjgl.dll
0x00007ffaeac20000 - 0x00007ffaeac81000 	C:\Users\DAYLIG~1\AppData\Local\Temp\lwjglDaylightNebula\3.3.1-build-7\glfw.dll
0x00007ffafa110000 - 0x00007ffafa155000 	C:\Windows\SYSTEM32\dinput8.dll
0x00007ffaf0ce0000 - 0x00007ffaf0cf1000 	C:\Windows\SYSTEM32\xinput1_4.dll
0x00007ffb20d00000 - 0x00007ffb20d4c000 	C:\Windows\SYSTEM32\cfgmgr32.dll
0x00007ffb20cd0000 - 0x00007ffb20cfc000 	C:\Windows\SYSTEM32\DEVOBJ.dll
0x00007ffb1e8f0000 - 0x00007ffb1e91f000 	C:\Windows\SYSTEM32\dwmapi.dll
0x00007ffb11010000 - 0x00007ffb111d9000 	C:\Windows\SYSTEM32\inputhost.dll
0x00007ffb1b8a0000 - 0x00007ffb1b9d1000 	C:\Windows\SYSTEM32\CoreMessaging.dll
0x00007ffb1e480000 - 0x00007ffb1e52c000 	C:\Windows\system32\uxtheme.dll
0x00007ffb20830000 - 0x00007ffb2083c000 	C:\Windows\SYSTEM32\CRYPTBASE.DLL
0x00007ffb237f0000 - 0x00007ffb2390d000 	C:\Windows\System32\MSCTF.dll
0x00007ffa96580000 - 0x00007ffa96681000 	C:\Windows\SYSTEM32\opengl32.dll
0x00007ffa95a00000 - 0x00007ffa95a2d000 	C:\Windows\SYSTEM32\GLU32.dll
0x00007ffb1e5c0000 - 0x00007ffb1e5f8000 	C:\Windows\SYSTEM32\dxcore.dll
0x00007ffb23ad0000 - 0x00007ffb23b85000 	C:\Windows\System32\clbcatq.dll
0x00007ffa94d60000 - 0x00007ffa94d8d000 	C:\Windows\System32\DriverStore\FileRepository\u0386220.inf_amd64_1894141ab65df02b\B386218\atig6pxx.dll
0x00007ffa7c1d0000 - 0x00007ffa7fec1000 	C:\Windows\System32\DriverStore\FileRepository\u0386220.inf_amd64_1894141ab65df02b\B386218\atio6axx.dll
0x00007ffb225b0000 - 0x00007ffb22a1c000 	C:\Windows\System32\SETUPAPI.dll
0x00007ffb21540000 - 0x00007ffb215a8000 	C:\Windows\System32\WINTRUST.dll
0x00007ffb21930000 - 0x00007ffb21a92000 	C:\Windows\System32\CRYPT32.dll
0x00007ffb20890000 - 0x00007ffb208a2000 	C:\Windows\SYSTEM32\MSASN1.dll
0x00007ffb209c0000 - 0x00007ffb209e7000 	C:\Windows\SYSTEM32\BCrypt.dll
0x00007ffafc790000 - 0x00007ffafc8bd000 	C:\Windows\SYSTEM32\textinputframework.dll
0x00007ffb224d0000 - 0x00007ffb225a6000 	C:\Windows\System32\OLEAUT32.dll
0x00007ffb19450000 - 0x00007ffb197bd000 	C:\Windows\SYSTEM32\CoreUIComponents.dll
0x00007ffafc5d0000 - 0x00007ffafc639000 	C:\Windows\system32\Oleacc.dll
0x00007fface020000 - 0x00007fface07d000 	C:\Users\DaylightNebula\AppData\Local\Temp\lwjglDaylightNebula\3.3.1-build-7\lwjgl_opengl.dll

dbghelp: loaded successfully - version: 4.0.5 - missing functions: none
symbol engine: initialized successfully - sym options: 0x614 - pdb path: .;C:\Users\DaylightNebula\.jdks\corretto-16.0.2\bin;C:\Windows\SYSTEM32;C:\Windows\WinSxS\amd64_microsoft.windows.common-controls_6595b64144ccf1df_6.0.22000.120_none_9d947278b86cc467;C:\Users\DaylightNebula\.jdks\corretto-16.0.2\bin\server;C:\Users\DaylightNebula\AppData\Local\JetBrains\Toolbox\apps\IDEA-C\ch-0\222.4167.29\bin;C:\Users\DaylightNebula\AppData\Local\Temp\lwjglDaylightNebula\3.3.1-build-7;C:\Users\DAYLIG~1\AppData\Local\Temp\lwjglDaylightNebula\3.3.1-build-7;C:\Windows\System32\DriverStore\FileRepository\u0386220.inf_amd64_1894141ab65df02b\B386218

VM Arguments:
jvm_args: -javaagent:C:\Users\DaylightNebula\AppData\Local\JetBrains\Toolbox\apps\IDEA-C\ch-0\222.4167.29\lib\idea_rt.jar=59845:C:\Users\DaylightNebula\AppData\Local\JetBrains\Toolbox\apps\IDEA-C\ch-0\222.4167.29\bin -Dfile.encoding=UTF-8 
java_command: webstreamengine.backend.opengl.WSEBackendOpenGLKt
java_class_path (initial): D:\projectstream\WebStreamEngine\WebStreamEngine-Backend-OpenGL\build\classes\kotlin\main;C:\Users\DaylightNebula\.gradle\caches\modules-2\files-2.1\org.jetbrains.kotlin\kotlin-stdlib-jdk8\1.8.0-RC2\c7080e0e0c608235bf07d8542dd2b2589bbb8881\kotlin-stdlib-jdk8-1.8.0-RC2.jar;C:\Users\DaylightNebula\.gradle\caches\modules-2\files-2.1\org.lwjgl\lwjgl-glfw\3.3.1\cbac1b8d30cb4795149c1ef540f912671a8616d0\lwjgl-glfw-3.3.1.jar;C:\Users\DaylightNebula\.gradle\caches\modules-2\files-2.1\org.lwjgl\lwjgl-opengl\3.3.1\831a5533a21a5f4f81bbc51bb13e9899319b5411\lwjgl-opengl-3.3.1.jar;C:\Users\DaylightNebula\.gradle\caches\modules-2\files-2.1\org.lwjgl\lwjgl-stb\3.3.1\b119297cf8ed01f247abe8685857f8e7fcf5980f\lwjgl-stb-3.3.1.jar;C:\Users\DaylightNebula\.gradle\caches\modules-2\files-2.1\org.lwjgl\lwjgl\3.3.1\ae58664f88e18a9bb2c77b063833ca7aaec484cb\lwjgl-3.3.1.jar;D:\projectstream\WebStreamEngine\WebStreamEngine-Core\build\classes\java\main;D:\projectstream\WebStreamEngine\WebStreamEngine-Core\build\classes\kotlin\main;C:\Users\DaylightNebula\.gradle\caches\modules-2\files-2.1\org.jetbrains.kotlin\kotlin-stdlib-jdk7\1.8.0-RC2\bed3d73e81d474ba2119ae203bdd15e96d7cf0bc\kotlin-stdlib-jdk7-1.8.0-RC2.jar;C:\Users\DaylightNebula\.gradle\caches\modules-2\files-2.1\org.jetbrains.kotlin\kotlin-stdlib\1.8.0-RC2\89303520e71f5a7eda0b21ce8a3bd9f0154921bb\kotlin-stdlib-1.8.0-RC2.jar;C:\Users\DaylightNebula\.gradle\caches\modules-2\files-2.1\org.jetbrains.kotlin\kotlin-stdlib-common\1.8.0-RC2\f07744f554f7303fec96d11969edc688a8749ceb\kotlin-stdlib-common-1.8.0-RC2.jar;C:\Users\DaylightNebula\.gradle\caches\modules-2\files-2.1\org.jetbrains\annotations\13.0\919f0dfe192fb4e063e7dacadee7f8bb9a2672a9\annotations-13.0.jar;C:\Users\DaylightNebula\.gradle\caches\modules-2\files-2.1\org.lwjgl\lwjgl-glfw\3.3.1\ed892f945cf7e79c8756796f32d00fa4ceaf573b\lwjgl-glfw-3.3.1-natives-windows.jar;C:\Users\DaylightNebula\.gradle\caches\modules-2\files-2.1\org.lwjgl\lwjgl-opengl\3.3.1\c1807e9bd
Launcher Type: SUN_STANDARD

[Global flags]
     intx CICompilerCount                          = 4                                         {product} {ergonomic}
     uint ConcGCThreads                            = 3                                         {product} {ergonomic}
     uint G1ConcRefinementThreads                  = 10                                        {product} {ergonomic}
   size_t G1HeapRegionSize                         = 2097152                                   {product} {ergonomic}
    uintx GCDrainStackTargetSize                   = 64                                        {product} {ergonomic}
   size_t InitialHeapSize                          = 268435456                                 {product} {ergonomic}
   size_t MarkStackSize                            = 4194304                                   {product} {ergonomic}
   size_t MaxHeapSize                              = 4271898624                                {product} {ergonomic}
   size_t MaxNewSize                               = 2562719744                                {product} {ergonomic}
   size_t MinHeapDeltaBytes                        = 2097152                                   {product} {ergonomic}
   size_t MinHeapSize                              = 8388608                                   {product} {ergonomic}
    uintx NonNMethodCodeHeapSize                   = 5839372                                {pd product} {ergonomic}
    uintx NonProfiledCodeHeapSize                  = 122909434                              {pd product} {ergonomic}
    uintx ProfiledCodeHeapSize                     = 122909434                              {pd product} {ergonomic}
    uintx ReservedCodeCacheSize                    = 251658240                              {pd product} {ergonomic}
     bool SegmentedCodeCache                       = true                                      {product} {ergonomic}
   size_t SoftMaxHeapSize                          = 4271898624                             {manageable} {ergonomic}
     bool UseCompressedClassPointers               = true                           {product lp64_product} {ergonomic}
     bool UseCompressedOops                        = true                           {product lp64_product} {ergonomic}
     bool UseG1GC                                  = true                                      {product} {ergonomic}
     bool UseLargePagesIndividualAllocation        = false                                  {pd product} {ergonomic}

Logging:
Log output configuration:
 #0: stdout all=warning uptime,level,tags
 #1: stderr all=off uptime,level,tags

Environment Variables:
PATH=C:\Program Files\Microsoft\jdk-11.0.12.7-hotspot\bin;C:\Program Files\Oculus\Support\oculus-runtime;C:\Program Files (x86)\Common Files\Oracle\Java\javapath;C:\Windows\system32;C:\Windows;C:\Windows\System32\Wbem;C:\Windows\System32\WindowsPowerShell\v1.0\;C:\Windows\System32\OpenSSH\;C:\Program Files\Git\cmd;C:\Program Files\dotnet\;C:\Program Files\nodejs\;C:\Program Files\CMake\bin;C:\ninja;C:\deps\skia;C:\Users\DaylightNebula\AppData\Local\Programs\Python\Python310\Scripts\;C:\Users\DaylightNebula\AppData\Local\Programs\Python\Python310\;C:\Users\DaylightNebula\.cargo\bin;C:\Users\DaylightNebula\AppData\Local\Microsoft\WindowsApps;C:\Users\DaylightNebula\AppData\Local\atom\bin;C:\Users\DaylightNebula\.dotnet\tools;C:\Users\DaylightNebula\AppData\Local\GitHubDesktop\bin;C:\Users\DaylightNebula\AppData\Local\JetBrains\Toolbox\scripts;C:\Users\DaylightNebula\AppData\Roaming\npm;C:\Users\DaylightNebula\AppData\Local\Programs\Microsoft VS Code\bin;C:\Users\DaylightNebula\AppData\Local\Android\Sdk\platform-tools;C:\Users\DaylightNebula\.dotnet\tools
USERNAME=DaylightNebula
OS=Windows_NT
PROCESSOR_IDENTIFIER=AMD64 Family 25 Model 33 Stepping 2, AuthenticAMD



---------------  S Y S T E M  ---------------

OS:
 Windows 10 , 64 bit Build 22000 (10.0.22000.1335)
OS uptime: 6 days 11:01 hours

CPU: total 12 (initial active 12) (12 cores per cpu, 2 threads per core) family 25 model 33 stepping 2 microcode 0x0, cx8, cmov, fxsr, ht, mmx, 3dnowpref, sse, sse2, sse3, ssse3, sse4a, sse4.1, sse4.2, popcnt, lzcnt, tsc, tscinvbit, avx, avx2, aes, erms, clmul, bmi1, bmi2, adx, sha, fma, vzeroupper, clflush, clflushopt

Memory: 4k page, system-wide physical 16293M (4968M free)
TotalPageFile size 33701M (AvailPageFile size 15410M)
current process WorkingSet (physical memory assigned to process): 112M, peak: 112M
current process commit charge ("private bytes"): 435M, peak: 435M

vm_info: OpenJDK 64-Bit Server VM (16.0.2+7) for windows-amd64 JRE (16.0.2+7), built on Jul 22 2021 01:11:46 by "Administrator" with MS VC++ 15.9 (VS2017)

END.
