#
# A fatal error has been detected by the Java Runtime Environment:
#
#  EXCEPTION_ACCESS_VIOLATION (0xc0000005) at pc=0x00007fff70fbfacd, pid=13668, tid=8580
#
# JRE version: OpenJDK Runtime Environment Corretto-16.0.2.7.1 (16.0.2+7) (build 16.0.2+7)
# Java VM: OpenJDK 64-Bit Server VM Corretto-16.0.2.7.1 (16.0.2+7, mixed mode, sharing, tiered, compressed oops, compressed class ptrs, g1 gc, windows-amd64)
# Problematic frame:
# C  [lwjgl_opengl.dll+0xfacd]
#
# No core dump will be written. Minidumps are not enabled by default on client versions of Windows
#
# If you would like to submit a bug report, please visit:
#   https://github.com/corretto/corretto-jdk/issues/
# The crash happened outside the Java Virtual Machine in native code.
# See problematic frame for where to report the bug.
#

---------------  S U M M A R Y ------------

Command Line: -javaagent:C:\Users\DaylightNebula\AppData\Local\JetBrains\Toolbox\apps\IDEA-C\ch-0\222.4167.29\lib\idea_rt.jar=59266:C:\Users\DaylightNebula\AppData\Local\JetBrains\Toolbox\apps\IDEA-C\ch-0\222.4167.29\bin -Dfile.encoding=UTF-8 webstreamengine.client.MainKt

Host: AMD Ryzen 5 5600X 6-Core Processor             , 12 cores, 15G,  Windows 10 , 64 bit Build 22000 (10.0.22000.1335)
Time: Sun Dec 25 15:49:13 2022 Mountain Standard Time elapsed time: 0.134160 seconds (0d 0h 0m 0s)

---------------  T H R E A D  ---------------

Current thread (0x0000028173ae38c0):  JavaThread "main" [_thread_in_native, id=8580, stack(0x000000ca3ff00000,0x000000ca40000000)]

Stack: [0x000000ca3ff00000,0x000000ca40000000],  sp=0x000000ca3fffef68,  free space=1019k
Native frames: (J=compiled Java code, j=interpreted, Vv=VM code, C=native code)
C  [lwjgl_opengl.dll+0xfacd]

Java frames: (J=compiled Java code, j=interpreted, Vv=VM code)
j  org.lwjgl.opengl.GL30C.nglGenVertexArrays(IJ)V+0
j  org.lwjgl.opengl.GL30C.glGenVertexArrays()I+20
j  org.lwjgl.opengl.GL30.glGenVertexArrays()I+0
j  webstreamengine.backend.opengl.OpenGLMeshLoader.genVAO()I+0
j  webstreamengine.backend.opengl.OpenGLMeshLoader.createMesh([F[F[I)Lwebstreamengine/backend/opengl/OpenGLMesh;+19
j  webstreamengine.backend.opengl.OpenGLRenderBackend.loadMesh([F[F[I)I+27
j  webstreamengine.client.MainKt.main()V+48
j  webstreamengine.client.MainKt.main([Ljava/lang/String;)V+0
v  ~StubRoutines::call_stub

siginfo: EXCEPTION_ACCESS_VIOLATION (0xc0000005), reading address 0x00000000000013c8


Register to memory mapping:

RIP=0x00007fff70fbfacd lwjgl_opengl.dll
RAX=0x000002817fbfe710 points into unknown readable memory: 0x0000000000000000 | 00 00 00 00 00 00 00 00
RBX={method} {0x000002817f509fe0} 'nglGenVertexArrays' '(IJ)V' in 'org/lwjgl/opengl/GL30C'
RCX=0x0000000000000001 is an unknown value
RDX=0x000002811932a5fc points into unknown readable memory: 00 00 00 00
RSP=0x000000ca3fffef68 is pointing into the stack for thread: 0x0000028173ae38c0
RBP=0x000000ca3fffeff0 is pointing into the stack for thread: 0x0000028173ae38c0
RSI=0x000002817f174a78 is pointing into metadata
RDI=0x00000281000095e1 is at code_begin+1345 in an Interpreter codelet
return entry points  [0x00000281000090a0, 0x0000028100009be0]  2880 bytes
R8 =0x0000000000000001 is an unknown value
R9 =0x000002811932a5fc points into unknown readable memory: 00 00 00 00
R10=0x0 is NULL
R11=0x0000000710f71c00 is an oop: java.lang.Class 
{0x0000000710f71c00} - klass: 'java/lang/Class'
R12=0x0 is NULL
R13={method} {0x000002817f509fe0} 'nglGenVertexArrays' '(IJ)V' in 'org/lwjgl/opengl/GL30C'
R14=0x000000ca3ffff020 is pointing into the stack for thread: 0x0000028173ae38c0
R15=0x0000028173ae38c0 is a thread


Registers:
RAX=0x000002817fbfe710, RBX=0x000002817f509fd8, RCX=0x0000000000000001, RDX=0x000002811932a5fc
RSP=0x000000ca3fffef68, RBP=0x000000ca3fffeff0, RSI=0x000002817f174a78, RDI=0x00000281000095e1
R8 =0x0000000000000001, R9 =0x000002811932a5fc, R10=0x0000000000000000, R11=0x0000000710f71c00
R12=0x0000000000000000, R13=0x000002817f509fd8, R14=0x000000ca3ffff020, R15=0x0000028173ae38c0
RIP=0x00007fff70fbfacd, EFLAGS=0x0000000000010206

Top of Stack: (sp=0x000000ca3fffef68)
0x000000ca3fffef68:   000002810000dd22 00000281000095e1
0x000000ca3fffef78:   000002810000da32 000002817f509fd8
0x000000ca3fffef88:   000002817f174a78 000000ca3ffff008
0x000000ca3fffef98:   00000281000095e1 000002810000d9d6
0x000000ca3fffefa8:   000000ca3fffefa8 000002817f509fd8
0x000000ca3fffefb8:   000000ca3ffff020 000002817f540000
0x000000ca3fffefc8:   0000000000000000 0000000710f71c00
0x000000ca3fffefd8:   000002817f509fd8 0000000000000000
0x000000ca3fffefe8:   000000ca3ffff010 000000ca3ffff070
0x000000ca3fffeff8:   0000028100009512 0000000710f71c00
0x000000ca3ffff008:   000002810000b2d8 000002811932a5fc
0x000000ca3ffff018:   0000000000000000 0000000000000001
0x000000ca3ffff028:   000000ca3ffff028 000002817f50a15c
0x000000ca3ffff038:   000000ca3ffff0a0 000002817f540000
0x000000ca3ffff048:   0000000000000000 0000000710f71c00
0x000000ca3ffff058:   000002817f50a1c8 000000ca3ffff010 

Instructions: (pc=0x00007fff70fbfacd)
0x00007fff70fbf9cd:   98 13 00 00 cc cc cc cc cc cc cc cc cc cc cc cc
0x00007fff70fbf9dd:   cc cc cc 48 8b 01 48 8b 48 18 48 ff a1 a0 13 00
0x00007fff70fbf9ed:   00 cc cc 40 53 48 8b 01 41 8b d8 4c 8b 44 24 30
0x00007fff70fbf9fd:   41 8b d1 44 8b 4c 24 38 8b cb 4c 8b 50 18 5b 49
0x00007fff70fbfa0d:   ff a2 a8 13 00 00 cc cc cc cc cc cc cc cc cc cc
0x00007fff70fbfa1d:   cc cc cc 40 53 48 83 ec 40 48 8b 01 41 8b d8 44
0x00007fff70fbfa2d:   8b 44 24 70 41 8b d1 4c 8b 4c 24 78 8b cb 4c 8b
0x00007fff70fbfa3d:   50 18 48 8b 84 24 90 00 00 00 48 89 44 24 30 48
0x00007fff70fbfa4d:   8b 84 24 88 00 00 00 48 89 44 24 28 48 8b 84 24
0x00007fff70fbfa5d:   80 00 00 00 48 89 44 24 20 41 ff 92 b0 13 00 00
0x00007fff70fbfa6d:   48 83 c4 40 5b c3 cc cc cc cc cc cc cc cc cc cc
0x00007fff70fbfa7d:   cc cc cc 48 8b 01 41 8b c8 48 8b 50 18 48 ff a2
0x00007fff70fbfa8d:   b8 13 00 00 cc cc cc cc cc cc cc cc cc cc cc cc
0x00007fff70fbfa9d:   cc cc cc 48 8b 01 49 8b d1 41 8b c8 4c 8b 50 18
0x00007fff70fbfaad:   49 ff a2 c0 13 00 00 cc cc cc cc cc cc cc cc cc
0x00007fff70fbfabd:   cc cc cc 48 8b 01 49 8b d1 41 8b c8 4c 8b 50 18
0x00007fff70fbfacd:   49 ff a2 c8 13 00 00 cc cc cc cc cc cc cc cc cc
0x00007fff70fbfadd:   cc cc cc 48 8b 01 48 8b 48 18 48 8b 81 d0 13 00
0x00007fff70fbfaed:   00 41 8b c8 48 ff e0 cc cc cc cc cc cc cc cc cc
0x00007fff70fbfafd:   cc cc cc 40 53 48 8b 01 41 8b d8 44 8b 44 24 30
0x00007fff70fbfb0d:   41 8b d1 44 8b 4c 24 38 8b cb 4c 8b 50 18 5b 49
0x00007fff70fbfb1d:   ff a2 d8 13 00 00 cc cc cc cc cc cc cc cc cc cc
0x00007fff70fbfb2d:   cc cc cc 40 53 48 8b 01 41 8b d8 44 8b 44 24 30
0x00007fff70fbfb3d:   41 8b d1 4c 8b 4c 24 38 8b cb 4c 8b 50 18 8b 44
0x00007fff70fbfb4d:   24 40 89 44 24 30 5b 49 ff a2 e0 13 00 00 cc cc
0x00007fff70fbfb5d:   cc cc cc 40 53 48 8b 01 41 8b d8 4c 8b 44 24 30
0x00007fff70fbfb6d:   41 8b d1 4c 8b 4c 24 38 8b cb 4c 8b 50 18 48 8b
0x00007fff70fbfb7d:   44 24 40 48 89 44 24 30 5b 49 ff a2 e8 13 00 00
0x00007fff70fbfb8d:   cc cc cc 48 8b 01 41 8b c8 48 8b 50 18 48 ff a2
0x00007fff70fbfb9d:   f0 13 00 00 cc cc cc cc cc cc cc cc cc cc cc cc
0x00007fff70fbfbad:   cc cc cc 48 8b 01 45 8b d8 44 8b 44 24 28 41 8b
0x00007fff70fbfbbd:   d1 41 8b cb 4c 8b 50 18 49 ff a2 f8 13 00 00 cc 


Stack slot to memory mapping:
stack at sp + 0 slots: 0x000002810000dd22 is at code_begin+1026 in an Interpreter codelet
method entry point (kind = native)  [0x000002810000d920, 0x000002810000e300]  2528 bytes
stack at sp + 1 slots: 0x00000281000095e1 is at code_begin+1345 in an Interpreter codelet
return entry points  [0x00000281000090a0, 0x0000028100009be0]  2880 bytes
stack at sp + 2 slots: 0x000002810000da32 is at code_begin+274 in an Interpreter codelet
method entry point (kind = native)  [0x000002810000d920, 0x000002810000e300]  2528 bytes
stack at sp + 3 slots: {method} {0x000002817f509fe0} 'nglGenVertexArrays' '(IJ)V' in 'org/lwjgl/opengl/GL30C'
stack at sp + 4 slots: 0x000002817f174a78 is pointing into metadata
stack at sp + 5 slots: 0x000000ca3ffff008 is pointing into the stack for thread: 0x0000028173ae38c0
stack at sp + 6 slots: 0x00000281000095e1 is at code_begin+1345 in an Interpreter codelet
return entry points  [0x00000281000090a0, 0x0000028100009be0]  2880 bytes
stack at sp + 7 slots: 0x000002810000d9d6 is at code_begin+182 in an Interpreter codelet
method entry point (kind = native)  [0x000002810000d920, 0x000002810000e300]  2528 bytes


---------------  P R O C E S S  ---------------

Threads class SMR info:
_java_thread_list=0x000002817fa16ee0, length=13, elements={
0x0000028173ae38c0, 0x000002817ee931c0, 0x000002817ee94270, 0x000002817eea3100,
0x000002817eea3a10, 0x000002817eea4ac0, 0x000002817eea5b70, 0x000002817eeaa500,
0x000002817eeadcc0, 0x000002817f800470, 0x000002817ee73c30, 0x000002817fa931e0,
0x000002817fa93700
}

Java Threads: ( => current thread )
=>0x0000028173ae38c0 JavaThread "main" [_thread_in_native, id=8580, stack(0x000000ca3ff00000,0x000000ca40000000)]
  0x000002817ee931c0 JavaThread "Reference Handler" daemon [_thread_blocked, id=6524, stack(0x000000ca40600000,0x000000ca40700000)]
  0x000002817ee94270 JavaThread "Finalizer" daemon [_thread_blocked, id=13532, stack(0x000000ca40700000,0x000000ca40800000)]
  0x000002817eea3100 JavaThread "Signal Dispatcher" daemon [_thread_blocked, id=13324, stack(0x000000ca40800000,0x000000ca40900000)]
  0x000002817eea3a10 JavaThread "Attach Listener" daemon [_thread_blocked, id=12084, stack(0x000000ca40900000,0x000000ca40a00000)]
  0x000002817eea4ac0 JavaThread "Service Thread" daemon [_thread_blocked, id=10940, stack(0x000000ca40a00000,0x000000ca40b00000)]
  0x000002817eea5b70 JavaThread "Monitor Deflation Thread" daemon [_thread_blocked, id=13580, stack(0x000000ca40b00000,0x000000ca40c00000)]
  0x000002817eeaa500 JavaThread "C2 CompilerThread0" daemon [_thread_blocked, id=9964, stack(0x000000ca40c00000,0x000000ca40d00000)]
  0x000002817eeadcc0 JavaThread "C1 CompilerThread0" daemon [_thread_blocked, id=12672, stack(0x000000ca40d00000,0x000000ca40e00000)]
  0x000002817f800470 JavaThread "Sweeper thread" daemon [_thread_blocked, id=13952, stack(0x000000ca40e00000,0x000000ca40f00000)]
  0x000002817ee73c30 JavaThread "Common-Cleaner" daemon [_thread_blocked, id=3644, stack(0x000000ca40f00000,0x000000ca41000000)]
  0x000002817fa931e0 JavaThread "Monitor Ctrl-Break" daemon [_thread_in_native, id=11116, stack(0x000000ca41000000,0x000000ca41100000)]
  0x000002817fa93700 JavaThread "Notification Thread" daemon [_thread_blocked, id=9688, stack(0x000000ca41100000,0x000000ca41200000)]

Other Threads:
  0x000002817ee90130 VMThread "VM Thread" [stack: 0x000000ca40500000,0x000000ca40600000] [id=9056]
  0x0000028173ae48a0 WatcherThread [stack: 0x000000ca41200000,0x000000ca41300000] [id=6208]
  0x000002817189e7e0 GCTaskThread "GC Thread#0" [stack: 0x000000ca40000000,0x000000ca40100000] [id=5744]
  0x0000028173b40230 ConcurrentGCThread "G1 Main Marker" [stack: 0x000000ca40100000,0x000000ca40200000] [id=13416]
  0x0000028173b43270 ConcurrentGCThread "G1 Conc#0" [stack: 0x000000ca40200000,0x000000ca40300000] [id=9404]
  0x000002817ed40540 ConcurrentGCThread "G1 Refine#0" [stack: 0x000000ca40300000,0x000000ca40400000] [id=13296]
  0x000002817ed42c90 ConcurrentGCThread "G1 Service" [stack: 0x000000ca40400000,0x000000ca40500000] [id=5512]

Threads with active compile tasks:

VM state: not at safepoint (normal execution)

VM Mutex/Monitor currently owned by a thread: None

Heap address: 0x0000000701600000, size: 4074 MB, Compressed Oops mode: Zero based, Oop shift amount: 3

CDS archive(s) mapped at: [0x0000000800000000-0x0000000800be0000-0x0000000800be0000), size 12451840, SharedBaseAddress: 0x0000000800000000, ArchiveRelocationMode: 0.
Compressed class space mapped at: 0x0000000800c00000-0x0000000840c00000, reserved size: 1073741824
Narrow klass base: 0x0000000800000000, Narrow klass shift: 3, Narrow klass range: 0x100000000

GC Precious Log:
 CPUs: 12 total, 12 available
 Memory: 16293M
 Large Page Support: Disabled
 NUMA Support: Disabled
 Compressed Oops: Enabled (Zero based)
 Heap Region Size: 2M
 Heap Min Capacity: 8M
 Heap Initial Capacity: 256M
 Heap Max Capacity: 4074M
 Pre-touch: Disabled
 Parallel Workers: 10
 Concurrent Workers: 3
 Concurrent Refinement Workers: 10
 Periodic GC: Disabled

Heap:
 garbage-first heap   total 262144K, used 6144K [0x0000000701600000, 0x0000000800000000)
  region size 2048K, 4 young (8192K), 0 survivors (0K)
 Metaspace       used 2963K, committed 3136K, reserved 1056768K
  class space    used 186K, committed 256K, reserved 1048576K

Heap Regions: E=young(eden), S=young(survivor), O=old, HS=humongous(starts), HC=humongous(continues), CS=collection set, F=free, OA=open archive, CA=closed archive, TAMS=top-at-mark-start (previous, next)
|   0|0x0000000701600000, 0x0000000701600000, 0x0000000701800000|  0%| F|  |TAMS 0x0000000701600000, 0x0000000701600000| Untracked 
|   1|0x0000000701800000, 0x0000000701800000, 0x0000000701a00000|  0%| F|  |TAMS 0x0000000701800000, 0x0000000701800000| Untracked 
|   2|0x0000000701a00000, 0x0000000701a00000, 0x0000000701c00000|  0%| F|  |TAMS 0x0000000701a00000, 0x0000000701a00000| Untracked 
|   3|0x0000000701c00000, 0x0000000701c00000, 0x0000000701e00000|  0%| F|  |TAMS 0x0000000701c00000, 0x0000000701c00000| Untracked 
|   4|0x0000000701e00000, 0x0000000701e00000, 0x0000000702000000|  0%| F|  |TAMS 0x0000000701e00000, 0x0000000701e00000| Untracked 
|   5|0x0000000702000000, 0x0000000702000000, 0x0000000702200000|  0%| F|  |TAMS 0x0000000702000000, 0x0000000702000000| Untracked 
|   6|0x0000000702200000, 0x0000000702200000, 0x0000000702400000|  0%| F|  |TAMS 0x0000000702200000, 0x0000000702200000| Untracked 
|   7|0x0000000702400000, 0x0000000702400000, 0x0000000702600000|  0%| F|  |TAMS 0x0000000702400000, 0x0000000702400000| Untracked 
|   8|0x0000000702600000, 0x0000000702600000, 0x0000000702800000|  0%| F|  |TAMS 0x0000000702600000, 0x0000000702600000| Untracked 
|   9|0x0000000702800000, 0x0000000702800000, 0x0000000702a00000|  0%| F|  |TAMS 0x0000000702800000, 0x0000000702800000| Untracked 
|  10|0x0000000702a00000, 0x0000000702a00000, 0x0000000702c00000|  0%| F|  |TAMS 0x0000000702a00000, 0x0000000702a00000| Untracked 
|  11|0x0000000702c00000, 0x0000000702c00000, 0x0000000702e00000|  0%| F|  |TAMS 0x0000000702c00000, 0x0000000702c00000| Untracked 
|  12|0x0000000702e00000, 0x0000000702e00000, 0x0000000703000000|  0%| F|  |TAMS 0x0000000702e00000, 0x0000000702e00000| Untracked 
|  13|0x0000000703000000, 0x0000000703000000, 0x0000000703200000|  0%| F|  |TAMS 0x0000000703000000, 0x0000000703000000| Untracked 
|  14|0x0000000703200000, 0x0000000703200000, 0x0000000703400000|  0%| F|  |TAMS 0x0000000703200000, 0x0000000703200000| Untracked 
|  15|0x0000000703400000, 0x0000000703400000, 0x0000000703600000|  0%| F|  |TAMS 0x0000000703400000, 0x0000000703400000| Untracked 
|  16|0x0000000703600000, 0x0000000703600000, 0x0000000703800000|  0%| F|  |TAMS 0x0000000703600000, 0x0000000703600000| Untracked 
|  17|0x0000000703800000, 0x0000000703800000, 0x0000000703a00000|  0%| F|  |TAMS 0x0000000703800000, 0x0000000703800000| Untracked 
|  18|0x0000000703a00000, 0x0000000703a00000, 0x0000000703c00000|  0%| F|  |TAMS 0x0000000703a00000, 0x0000000703a00000| Untracked 
|  19|0x0000000703c00000, 0x0000000703c00000, 0x0000000703e00000|  0%| F|  |TAMS 0x0000000703c00000, 0x0000000703c00000| Untracked 
|  20|0x0000000703e00000, 0x0000000703e00000, 0x0000000704000000|  0%| F|  |TAMS 0x0000000703e00000, 0x0000000703e00000| Untracked 
|  21|0x0000000704000000, 0x0000000704000000, 0x0000000704200000|  0%| F|  |TAMS 0x0000000704000000, 0x0000000704000000| Untracked 
|  22|0x0000000704200000, 0x0000000704200000, 0x0000000704400000|  0%| F|  |TAMS 0x0000000704200000, 0x0000000704200000| Untracked 
|  23|0x0000000704400000, 0x0000000704400000, 0x0000000704600000|  0%| F|  |TAMS 0x0000000704400000, 0x0000000704400000| Untracked 
|  24|0x0000000704600000, 0x0000000704600000, 0x0000000704800000|  0%| F|  |TAMS 0x0000000704600000, 0x0000000704600000| Untracked 
|  25|0x0000000704800000, 0x0000000704800000, 0x0000000704a00000|  0%| F|  |TAMS 0x0000000704800000, 0x0000000704800000| Untracked 
|  26|0x0000000704a00000, 0x0000000704a00000, 0x0000000704c00000|  0%| F|  |TAMS 0x0000000704a00000, 0x0000000704a00000| Untracked 
|  27|0x0000000704c00000, 0x0000000704c00000, 0x0000000704e00000|  0%| F|  |TAMS 0x0000000704c00000, 0x0000000704c00000| Untracked 
|  28|0x0000000704e00000, 0x0000000704e00000, 0x0000000705000000|  0%| F|  |TAMS 0x0000000704e00000, 0x0000000704e00000| Untracked 
|  29|0x0000000705000000, 0x0000000705000000, 0x0000000705200000|  0%| F|  |TAMS 0x0000000705000000, 0x0000000705000000| Untracked 
|  30|0x0000000705200000, 0x0000000705200000, 0x0000000705400000|  0%| F|  |TAMS 0x0000000705200000, 0x0000000705200000| Untracked 
|  31|0x0000000705400000, 0x0000000705400000, 0x0000000705600000|  0%| F|  |TAMS 0x0000000705400000, 0x0000000705400000| Untracked 
|  32|0x0000000705600000, 0x0000000705600000, 0x0000000705800000|  0%| F|  |TAMS 0x0000000705600000, 0x0000000705600000| Untracked 
|  33|0x0000000705800000, 0x0000000705800000, 0x0000000705a00000|  0%| F|  |TAMS 0x0000000705800000, 0x0000000705800000| Untracked 
|  34|0x0000000705a00000, 0x0000000705a00000, 0x0000000705c00000|  0%| F|  |TAMS 0x0000000705a00000, 0x0000000705a00000| Untracked 
|  35|0x0000000705c00000, 0x0000000705c00000, 0x0000000705e00000|  0%| F|  |TAMS 0x0000000705c00000, 0x0000000705c00000| Untracked 
|  36|0x0000000705e00000, 0x0000000705e00000, 0x0000000706000000|  0%| F|  |TAMS 0x0000000705e00000, 0x0000000705e00000| Untracked 
|  37|0x0000000706000000, 0x0000000706000000, 0x0000000706200000|  0%| F|  |TAMS 0x0000000706000000, 0x0000000706000000| Untracked 
|  38|0x0000000706200000, 0x0000000706200000, 0x0000000706400000|  0%| F|  |TAMS 0x0000000706200000, 0x0000000706200000| Untracked 
|  39|0x0000000706400000, 0x0000000706400000, 0x0000000706600000|  0%| F|  |TAMS 0x0000000706400000, 0x0000000706400000| Untracked 
|  40|0x0000000706600000, 0x0000000706600000, 0x0000000706800000|  0%| F|  |TAMS 0x0000000706600000, 0x0000000706600000| Untracked 
|  41|0x0000000706800000, 0x0000000706800000, 0x0000000706a00000|  0%| F|  |TAMS 0x0000000706800000, 0x0000000706800000| Untracked 
|  42|0x0000000706a00000, 0x0000000706a00000, 0x0000000706c00000|  0%| F|  |TAMS 0x0000000706a00000, 0x0000000706a00000| Untracked 
|  43|0x0000000706c00000, 0x0000000706c00000, 0x0000000706e00000|  0%| F|  |TAMS 0x0000000706c00000, 0x0000000706c00000| Untracked 
|  44|0x0000000706e00000, 0x0000000706e00000, 0x0000000707000000|  0%| F|  |TAMS 0x0000000706e00000, 0x0000000706e00000| Untracked 
|  45|0x0000000707000000, 0x0000000707000000, 0x0000000707200000|  0%| F|  |TAMS 0x0000000707000000, 0x0000000707000000| Untracked 
|  46|0x0000000707200000, 0x0000000707200000, 0x0000000707400000|  0%| F|  |TAMS 0x0000000707200000, 0x0000000707200000| Untracked 
|  47|0x0000000707400000, 0x0000000707400000, 0x0000000707600000|  0%| F|  |TAMS 0x0000000707400000, 0x0000000707400000| Untracked 
|  48|0x0000000707600000, 0x0000000707600000, 0x0000000707800000|  0%| F|  |TAMS 0x0000000707600000, 0x0000000707600000| Untracked 
|  49|0x0000000707800000, 0x0000000707800000, 0x0000000707a00000|  0%| F|  |TAMS 0x0000000707800000, 0x0000000707800000| Untracked 
|  50|0x0000000707a00000, 0x0000000707a00000, 0x0000000707c00000|  0%| F|  |TAMS 0x0000000707a00000, 0x0000000707a00000| Untracked 
|  51|0x0000000707c00000, 0x0000000707c00000, 0x0000000707e00000|  0%| F|  |TAMS 0x0000000707c00000, 0x0000000707c00000| Untracked 
|  52|0x0000000707e00000, 0x0000000707e00000, 0x0000000708000000|  0%| F|  |TAMS 0x0000000707e00000, 0x0000000707e00000| Untracked 
|  53|0x0000000708000000, 0x0000000708000000, 0x0000000708200000|  0%| F|  |TAMS 0x0000000708000000, 0x0000000708000000| Untracked 
|  54|0x0000000708200000, 0x0000000708200000, 0x0000000708400000|  0%| F|  |TAMS 0x0000000708200000, 0x0000000708200000| Untracked 
|  55|0x0000000708400000, 0x0000000708400000, 0x0000000708600000|  0%| F|  |TAMS 0x0000000708400000, 0x0000000708400000| Untracked 
|  56|0x0000000708600000, 0x0000000708600000, 0x0000000708800000|  0%| F|  |TAMS 0x0000000708600000, 0x0000000708600000| Untracked 
|  57|0x0000000708800000, 0x0000000708800000, 0x0000000708a00000|  0%| F|  |TAMS 0x0000000708800000, 0x0000000708800000| Untracked 
|  58|0x0000000708a00000, 0x0000000708a00000, 0x0000000708c00000|  0%| F|  |TAMS 0x0000000708a00000, 0x0000000708a00000| Untracked 
|  59|0x0000000708c00000, 0x0000000708c00000, 0x0000000708e00000|  0%| F|  |TAMS 0x0000000708c00000, 0x0000000708c00000| Untracked 
|  60|0x0000000708e00000, 0x0000000708e00000, 0x0000000709000000|  0%| F|  |TAMS 0x0000000708e00000, 0x0000000708e00000| Untracked 
|  61|0x0000000709000000, 0x0000000709000000, 0x0000000709200000|  0%| F|  |TAMS 0x0000000709000000, 0x0000000709000000| Untracked 
|  62|0x0000000709200000, 0x0000000709200000, 0x0000000709400000|  0%| F|  |TAMS 0x0000000709200000, 0x0000000709200000| Untracked 
|  63|0x0000000709400000, 0x0000000709400000, 0x0000000709600000|  0%| F|  |TAMS 0x0000000709400000, 0x0000000709400000| Untracked 
|  64|0x0000000709600000, 0x0000000709600000, 0x0000000709800000|  0%| F|  |TAMS 0x0000000709600000, 0x0000000709600000| Untracked 
|  65|0x0000000709800000, 0x0000000709800000, 0x0000000709a00000|  0%| F|  |TAMS 0x0000000709800000, 0x0000000709800000| Untracked 
|  66|0x0000000709a00000, 0x0000000709a00000, 0x0000000709c00000|  0%| F|  |TAMS 0x0000000709a00000, 0x0000000709a00000| Untracked 
|  67|0x0000000709c00000, 0x0000000709c00000, 0x0000000709e00000|  0%| F|  |TAMS 0x0000000709c00000, 0x0000000709c00000| Untracked 
|  68|0x0000000709e00000, 0x0000000709e00000, 0x000000070a000000|  0%| F|  |TAMS 0x0000000709e00000, 0x0000000709e00000| Untracked 
|  69|0x000000070a000000, 0x000000070a000000, 0x000000070a200000|  0%| F|  |TAMS 0x000000070a000000, 0x000000070a000000| Untracked 
|  70|0x000000070a200000, 0x000000070a200000, 0x000000070a400000|  0%| F|  |TAMS 0x000000070a200000, 0x000000070a200000| Untracked 
|  71|0x000000070a400000, 0x000000070a400000, 0x000000070a600000|  0%| F|  |TAMS 0x000000070a400000, 0x000000070a400000| Untracked 
|  72|0x000000070a600000, 0x000000070a600000, 0x000000070a800000|  0%| F|  |TAMS 0x000000070a600000, 0x000000070a600000| Untracked 
|  73|0x000000070a800000, 0x000000070a800000, 0x000000070aa00000|  0%| F|  |TAMS 0x000000070a800000, 0x000000070a800000| Untracked 
|  74|0x000000070aa00000, 0x000000070aa00000, 0x000000070ac00000|  0%| F|  |TAMS 0x000000070aa00000, 0x000000070aa00000| Untracked 
|  75|0x000000070ac00000, 0x000000070ac00000, 0x000000070ae00000|  0%| F|  |TAMS 0x000000070ac00000, 0x000000070ac00000| Untracked 
|  76|0x000000070ae00000, 0x000000070ae00000, 0x000000070b000000|  0%| F|  |TAMS 0x000000070ae00000, 0x000000070ae00000| Untracked 
|  77|0x000000070b000000, 0x000000070b000000, 0x000000070b200000|  0%| F|  |TAMS 0x000000070b000000, 0x000000070b000000| Untracked 
|  78|0x000000070b200000, 0x000000070b200000, 0x000000070b400000|  0%| F|  |TAMS 0x000000070b200000, 0x000000070b200000| Untracked 
|  79|0x000000070b400000, 0x000000070b400000, 0x000000070b600000|  0%| F|  |TAMS 0x000000070b400000, 0x000000070b400000| Untracked 
|  80|0x000000070b600000, 0x000000070b600000, 0x000000070b800000|  0%| F|  |TAMS 0x000000070b600000, 0x000000070b600000| Untracked 
|  81|0x000000070b800000, 0x000000070b800000, 0x000000070ba00000|  0%| F|  |TAMS 0x000000070b800000, 0x000000070b800000| Untracked 
|  82|0x000000070ba00000, 0x000000070ba00000, 0x000000070bc00000|  0%| F|  |TAMS 0x000000070ba00000, 0x000000070ba00000| Untracked 
|  83|0x000000070bc00000, 0x000000070bc00000, 0x000000070be00000|  0%| F|  |TAMS 0x000000070bc00000, 0x000000070bc00000| Untracked 
|  84|0x000000070be00000, 0x000000070be00000, 0x000000070c000000|  0%| F|  |TAMS 0x000000070be00000, 0x000000070be00000| Untracked 
|  85|0x000000070c000000, 0x000000070c000000, 0x000000070c200000|  0%| F|  |TAMS 0x000000070c000000, 0x000000070c000000| Untracked 
|  86|0x000000070c200000, 0x000000070c200000, 0x000000070c400000|  0%| F|  |TAMS 0x000000070c200000, 0x000000070c200000| Untracked 
|  87|0x000000070c400000, 0x000000070c400000, 0x000000070c600000|  0%| F|  |TAMS 0x000000070c400000, 0x000000070c400000| Untracked 
|  88|0x000000070c600000, 0x000000070c600000, 0x000000070c800000|  0%| F|  |TAMS 0x000000070c600000, 0x000000070c600000| Untracked 
|  89|0x000000070c800000, 0x000000070c800000, 0x000000070ca00000|  0%| F|  |TAMS 0x000000070c800000, 0x000000070c800000| Untracked 
|  90|0x000000070ca00000, 0x000000070ca00000, 0x000000070cc00000|  0%| F|  |TAMS 0x000000070ca00000, 0x000000070ca00000| Untracked 
|  91|0x000000070cc00000, 0x000000070cc00000, 0x000000070ce00000|  0%| F|  |TAMS 0x000000070cc00000, 0x000000070cc00000| Untracked 
|  92|0x000000070ce00000, 0x000000070ce00000, 0x000000070d000000|  0%| F|  |TAMS 0x000000070ce00000, 0x000000070ce00000| Untracked 
|  93|0x000000070d000000, 0x000000070d000000, 0x000000070d200000|  0%| F|  |TAMS 0x000000070d000000, 0x000000070d000000| Untracked 
|  94|0x000000070d200000, 0x000000070d200000, 0x000000070d400000|  0%| F|  |TAMS 0x000000070d200000, 0x000000070d200000| Untracked 
|  95|0x000000070d400000, 0x000000070d400000, 0x000000070d600000|  0%| F|  |TAMS 0x000000070d400000, 0x000000070d400000| Untracked 
|  96|0x000000070d600000, 0x000000070d600000, 0x000000070d800000|  0%| F|  |TAMS 0x000000070d600000, 0x000000070d600000| Untracked 
|  97|0x000000070d800000, 0x000000070d800000, 0x000000070da00000|  0%| F|  |TAMS 0x000000070d800000, 0x000000070d800000| Untracked 
|  98|0x000000070da00000, 0x000000070da00000, 0x000000070dc00000|  0%| F|  |TAMS 0x000000070da00000, 0x000000070da00000| Untracked 
|  99|0x000000070dc00000, 0x000000070dc00000, 0x000000070de00000|  0%| F|  |TAMS 0x000000070dc00000, 0x000000070dc00000| Untracked 
| 100|0x000000070de00000, 0x000000070de00000, 0x000000070e000000|  0%| F|  |TAMS 0x000000070de00000, 0x000000070de00000| Untracked 
| 101|0x000000070e000000, 0x000000070e000000, 0x000000070e200000|  0%| F|  |TAMS 0x000000070e000000, 0x000000070e000000| Untracked 
| 102|0x000000070e200000, 0x000000070e200000, 0x000000070e400000|  0%| F|  |TAMS 0x000000070e200000, 0x000000070e200000| Untracked 
| 103|0x000000070e400000, 0x000000070e400000, 0x000000070e600000|  0%| F|  |TAMS 0x000000070e400000, 0x000000070e400000| Untracked 
| 104|0x000000070e600000, 0x000000070e600000, 0x000000070e800000|  0%| F|  |TAMS 0x000000070e600000, 0x000000070e600000| Untracked 
| 105|0x000000070e800000, 0x000000070e800000, 0x000000070ea00000|  0%| F|  |TAMS 0x000000070e800000, 0x000000070e800000| Untracked 
| 106|0x000000070ea00000, 0x000000070ea00000, 0x000000070ec00000|  0%| F|  |TAMS 0x000000070ea00000, 0x000000070ea00000| Untracked 
| 107|0x000000070ec00000, 0x000000070ec00000, 0x000000070ee00000|  0%| F|  |TAMS 0x000000070ec00000, 0x000000070ec00000| Untracked 
| 108|0x000000070ee00000, 0x000000070ee00000, 0x000000070f000000|  0%| F|  |TAMS 0x000000070ee00000, 0x000000070ee00000| Untracked 
| 109|0x000000070f000000, 0x000000070f000000, 0x000000070f200000|  0%| F|  |TAMS 0x000000070f000000, 0x000000070f000000| Untracked 
| 110|0x000000070f200000, 0x000000070f200000, 0x000000070f400000|  0%| F|  |TAMS 0x000000070f200000, 0x000000070f200000| Untracked 
| 111|0x000000070f400000, 0x000000070f400000, 0x000000070f600000|  0%| F|  |TAMS 0x000000070f400000, 0x000000070f400000| Untracked 
| 112|0x000000070f600000, 0x000000070f600000, 0x000000070f800000|  0%| F|  |TAMS 0x000000070f600000, 0x000000070f600000| Untracked 
| 113|0x000000070f800000, 0x000000070f800000, 0x000000070fa00000|  0%| F|  |TAMS 0x000000070f800000, 0x000000070f800000| Untracked 
| 114|0x000000070fa00000, 0x000000070fa00000, 0x000000070fc00000|  0%| F|  |TAMS 0x000000070fa00000, 0x000000070fa00000| Untracked 
| 115|0x000000070fc00000, 0x000000070fc00000, 0x000000070fe00000|  0%| F|  |TAMS 0x000000070fc00000, 0x000000070fc00000| Untracked 
| 116|0x000000070fe00000, 0x000000070fe00000, 0x0000000710000000|  0%| F|  |TAMS 0x000000070fe00000, 0x000000070fe00000| Untracked 
| 117|0x0000000710000000, 0x0000000710000000, 0x0000000710200000|  0%| F|  |TAMS 0x0000000710000000, 0x0000000710000000| Untracked 
| 118|0x0000000710200000, 0x0000000710200000, 0x0000000710400000|  0%| F|  |TAMS 0x0000000710200000, 0x0000000710200000| Untracked 
| 119|0x0000000710400000, 0x0000000710400000, 0x0000000710600000|  0%| F|  |TAMS 0x0000000710400000, 0x0000000710400000| Untracked 
| 120|0x0000000710600000, 0x0000000710600000, 0x0000000710800000|  0%| F|  |TAMS 0x0000000710600000, 0x0000000710600000| Untracked 
| 121|0x0000000710800000, 0x0000000710800000, 0x0000000710a00000|  0%| F|  |TAMS 0x0000000710800000, 0x0000000710800000| Untracked 
| 122|0x0000000710a00000, 0x0000000710a00000, 0x0000000710c00000|  0%| F|  |TAMS 0x0000000710a00000, 0x0000000710a00000| Untracked 
| 123|0x0000000710c00000, 0x0000000710c00000, 0x0000000710e00000|  0%| F|  |TAMS 0x0000000710c00000, 0x0000000710c00000| Untracked 
| 124|0x0000000710e00000, 0x0000000710fe1480, 0x0000000711000000| 94%| E|  |TAMS 0x0000000710e00000, 0x0000000710e00000| Complete 
| 125|0x0000000711000000, 0x0000000711200000, 0x0000000711200000|100%| E|CS|TAMS 0x0000000711000000, 0x0000000711000000| Complete 
| 126|0x0000000711200000, 0x0000000711400000, 0x0000000711400000|100%| E|CS|TAMS 0x0000000711200000, 0x0000000711200000| Complete 
| 127|0x0000000711400000, 0x0000000711600000, 0x0000000711600000|100%| E|CS|TAMS 0x0000000711400000, 0x0000000711400000| Complete 

Card table byte_map: [0x000002817d200000,0x000002817da00000] _byte_map_base: 0x00000281799f5000

Marking Bits (Prev, Next): (CMBitMap*) 0x0000028173b2f9d0, (CMBitMap*) 0x0000028173b2fa10
 Prev Bits: [0x000002810f000000, 0x0000028112fa8000)
 Next Bits: [0x0000028112fb0000, 0x0000028116f58000)

Polling page: 0x0000028171aa0000

Metaspace:

Usage:
  Non-class:      2.71 MB used.
      Class:    186.34 KB used.
       Both:      2.89 MB used.

Virtual space:
  Non-class space:        8.00 MB reserved,       2.81 MB ( 35%) committed,  1 nodes.
      Class space:        1.00 GB reserved,     256.00 KB ( <1%) committed,  1 nodes.
              Both:        1.01 GB reserved,       3.06 MB ( <1%) committed. 

Chunk freelists:
   Non-Class:  2.72 MB
       Class:  3.67 MB
        Both:  6.38 MB

MaxMetaspaceSize: 17179869184.00 GB
CompressedClassSpaceSize: 1.00 GB
 - commit_granule_bytes: 65536.
 - commit_granule_words: 8192.
 - virtual_space_node_default_size: 1048576.
 - enlarge_chunks_in_place: 1.
 - new_chunks_are_fully_committed: 0.
 - uncommit_free_chunks: 1.
 - use_allocation_guard: 0.
 - handle_deallocations: 1.


Internal statistics:

num_allocs_failed_limit: 0.
num_arena_births: 58.
num_arena_deaths: 0.
num_vsnodes_births: 2.
num_vsnodes_deaths: 0.
num_space_committed: 49.
num_space_uncommitted: 0.
num_chunks_returned_to_freelist: 0.
num_chunks_taken_from_freelist: 124.
num_chunk_merges: 0.
num_chunk_splits: 81.
num_chunks_enlarged: 60.
num_purges: 0.

CodeHeap 'non-profiled nmethods': size=120000Kb used=168Kb max_used=168Kb free=119831Kb
 bounds [0x0000028107ad0000, 0x0000028107d40000, 0x000002810f000000]
CodeHeap 'profiled nmethods': size=120000Kb used=737Kb max_used=737Kb free=119262Kb
 bounds [0x00000281005a0000, 0x0000028100810000, 0x0000028107ad0000]
CodeHeap 'non-nmethods': size=5760Kb used=1195Kb max_used=1211Kb free=4564Kb
 bounds [0x0000028100000000, 0x0000028100270000, 0x00000281005a0000]
 total_blobs=986 nmethods=493 adapters=406
 compilation: enabled
              stopped_count=0, restarted_count=0
 full_count=0

Compilation events (20 events):
Event: 0.126 Thread 0x000002817eeadcc0 nmethod 487 0x0000028100656310 code [0x00000281006564a0, 0x00000281006565b8]
Event: 0.126 Thread 0x000002817eeadcc0  488       3       org.lwjgl.system.MemoryUtil::memPutAddress (29 bytes)
Event: 0.126 Thread 0x000002817eeadcc0 nmethod 488 0x0000028100656690 code [0x0000028100656840, 0x0000028100656a38]
Event: 0.126 Thread 0x000002817eeadcc0  480       3       java.lang.StringConcatHelper::mix (27 bytes)
Event: 0.127 Thread 0x000002817eeadcc0 nmethod 480 0x0000028100656b10 code [0x0000028100656ce0, 0x0000028100657108]
Event: 0.127 Thread 0x000002817eeadcc0  481       3       java.lang.StringConcatHelper::checkOverflow (17 bytes)
Event: 0.127 Thread 0x000002817eeadcc0 nmethod 481 0x0000028100657310 code [0x00000281006574c0, 0x00000281006576c8]
Event: 0.127 Thread 0x000002817eeadcc0  483       1       java.util.Formatter$Flags::valueOf (5 bytes)
Event: 0.127 Thread 0x000002817eeadcc0 nmethod 483 0x0000028107af8c90 code [0x0000028107af8e20, 0x0000028107af8ef8]
Event: 0.127 Thread 0x000002817eeadcc0  484       1       java.security.CodeSource::getLocation (5 bytes)
Event: 0.127 Thread 0x000002817eeaa500 nmethod 478 0x0000028107af8f90 code [0x0000028107af9120, 0x0000028107af92d8]
Event: 0.127 Thread 0x000002817eeadcc0 nmethod 484 0x0000028107af9490 code [0x0000028107af9620, 0x0000028107af96f8]
Event: 0.127 Thread 0x000002817eeadcc0  489       3       java.lang.ref.SoftReference::get (29 bytes)
Event: 0.127 Thread 0x000002817eeadcc0 nmethod 489 0x0000028100657790 code [0x0000028100657940, 0x0000028100657b18]
Event: 0.127 Thread 0x000002817eeadcc0  490       3       java.lang.StringConcatHelper::newArray (26 bytes)
Event: 0.127 Thread 0x000002817eeadcc0 nmethod 490 0x0000028100657b90 code [0x0000028100657d40, 0x0000028100657f88]
Event: 0.128 Thread 0x000002817eeaa500  491       4       java.lang.String::startsWith (138 bytes)
Event: 0.129 Thread 0x000002817eeadcc0  492       3       sun.net.www.ParseUtil::encodePath (41 bytes)
Event: 0.129 Thread 0x000002817eeadcc0 nmethod 492 0x0000028100658090 code [0x0000028100658260, 0x00000281006584c8]
Event: 0.131 Thread 0x000002817eeaa500 nmethod 491 0x0000028107af9c90 code [0x0000028107af9e20, 0x0000028107afa058]

GC Heap History (0 events):
No events

Deoptimization events (18 events):
Event: 0.045 Thread 0x0000028173ae38c0 Uncommon trap: trap_request=0xffffff45 fr.pc=0x0000028107ad5c7c relative=0x000000000000005c
Event: 0.045 Thread 0x0000028173ae38c0 Uncommon trap: reason=unstable_if action=reinterpret pc=0x0000028107ad5c7c method=java.lang.String.isLatin1()Z @ 10 c2
Event: 0.045 Thread 0x0000028173ae38c0 DEOPT PACKING pc=0x0000028107ad5c7c sp=0x000000ca3fffc6d0
Event: 0.045 Thread 0x0000028173ae38c0 DEOPT UNPACKING pc=0x000002810004d72e sp=0x000000ca3fffc660 mode 2
Event: 0.062 Thread 0x0000028173ae38c0 Uncommon trap: trap_request=0xffffff45 fr.pc=0x0000028107add924 relative=0x0000000000000084
Event: 0.062 Thread 0x0000028173ae38c0 Uncommon trap: reason=unstable_if action=reinterpret pc=0x0000028107add924 method=java.lang.String.charAt(I)C @ 4 c2
Event: 0.062 Thread 0x0000028173ae38c0 DEOPT PACKING pc=0x0000028107add924 sp=0x000000ca3fffed40
Event: 0.062 Thread 0x0000028173ae38c0 DEOPT UNPACKING pc=0x000002810004d72e sp=0x000000ca3fffece0 mode 2
Event: 0.069 Thread 0x0000028173ae38c0 DEOPT PACKING pc=0x00000281005c7f67 sp=0x000000ca3fff9180
Event: 0.069 Thread 0x0000028173ae38c0 DEOPT UNPACKING pc=0x000002810004dece sp=0x000000ca3fff85a0 mode 0
Event: 0.076 Thread 0x0000028173ae38c0 DEOPT PACKING pc=0x00000281005a7e51 sp=0x000000ca3fff7530
Event: 0.076 Thread 0x0000028173ae38c0 DEOPT UNPACKING pc=0x000002810004dece sp=0x000000ca3fff69a8 mode 0
Event: 0.092 Thread 0x0000028173ae38c0 Uncommon trap: trap_request=0xffffff45 fr.pc=0x0000028107aec6b8 relative=0x0000000000000218
Event: 0.092 Thread 0x0000028173ae38c0 Uncommon trap: reason=unstable_if action=reinterpret pc=0x0000028107aec6b8 method=java.lang.String.startsWith(Ljava/lang/String;I)Z @ 14 c2
Event: 0.092 Thread 0x0000028173ae38c0 DEOPT PACKING pc=0x0000028107aec6b8 sp=0x000000ca3fffb340
Event: 0.092 Thread 0x0000028173ae38c0 DEOPT UNPACKING pc=0x000002810004d72e sp=0x000000ca3fffb2a0 mode 2
Event: 0.094 Thread 0x0000028173ae38c0 DEOPT PACKING pc=0x00000281005defe5 sp=0x000000ca3fffabe0
Event: 0.095 Thread 0x0000028173ae38c0 DEOPT UNPACKING pc=0x000002810004dece sp=0x000000ca3fffa030 mode 0

Classes unloaded (0 events):
No events

Classes redefined (0 events):
No events

Internal exceptions (19 events):
Event: 0.064 Thread 0x000002817fa931e0 Exception <a 'java/lang/NoSuchMethodError'{0x00000007112f6e10}: 'java.lang.Object java.lang.invoke.DirectMethodHandle$Holder.invokeStatic(java.lang.Object)'> (0x00000007112f6e10) 
thrown [c:\wsjdk\correttojdksrc\installers\windows\zip\corretto-build\buildroot\src\hotspot\share\interpreter\linkResolver.cpp, line 790]
Event: 0.064 Thread 0x000002817fa931e0 Exception <a 'java/lang/NoSuchMethodError'{0x00000007112fa720}: 'java.lang.Object java.lang.invoke.DirectMethodHandle$Holder.invokeStaticInit(java.lang.Object)'> (0x00000007112fa720) 
thrown [c:\wsjdk\correttojdksrc\installers\windows\zip\corretto-build\buildroot\src\hotspot\share\interpreter\linkResolver.cpp, line 790]
Event: 0.068 Thread 0x000002817fa931e0 Exception <a 'java/lang/NoSuchMethodError'{0x0000000711308480}: 'void java.lang.invoke.DirectMethodHandle$Holder.invokeStatic(java.lang.Object, java.lang.Object)'> (0x0000000711308480) 
thrown [c:\wsjdk\correttojdksrc\installers\windows\zip\corretto-build\buildroot\src\hotspot\share\interpreter\linkResolver.cpp, line 790]
Event: 0.078 Thread 0x0000028173ae38c0 Exception <a 'java/lang/NoSuchMethodError'{0x00000007110a4650}: 'void java.lang.invoke.DirectMethodHandle$Holder.invokeSpecial(java.lang.Object, java.lang.Object, java.lang.Object)'> (0x00000007110a4650) 
thrown [c:\wsjdk\correttojdksrc\installers\windows\zip\corretto-build\buildroot\src\hotspot\share\interpreter\linkResolver.cpp, line 790]
Event: 0.080 Thread 0x0000028173ae38c0 Exception <a 'java/lang/NoSuchMethodError'{0x00000007110b9520}: 'java.lang.Object java.lang.invoke.DirectMethodHandle$Holder.invokeStatic(java.lang.Object, java.lang.Object, int)'> (0x00000007110b9520) 
thrown [c:\wsjdk\correttojdksrc\installers\windows\zip\corretto-build\buildroot\src\hotspot\share\interpreter\linkResolver.cpp, line 790]
Event: 0.081 Thread 0x0000028173ae38c0 Exception <a 'java/lang/NoSuchMethodError'{0x00000007110c57c0}: 'void java.lang.invoke.DelegatingMethodHandle$Holder.delegate(java.lang.Object, java.lang.Object, int, java.lang.Object)'> (0x00000007110c57c0) 
thrown [c:\wsjdk\correttojdksrc\installers\windows\zip\corretto-build\buildroot\src\hotspot\share\interpreter\linkResolver.cpp, line 790]
Event: 0.081 Thread 0x0000028173ae38c0 Exception <a 'java/lang/NoSuchMethodError'{0x00000007110c9910}: 'int java.lang.invoke.DirectMethodHandle$Holder.invokeSpecial(java.lang.Object, java.lang.Object, java.lang.Object)'> (0x00000007110c9910) 
thrown [c:\wsjdk\correttojdksrc\installers\windows\zip\corretto-build\buildroot\src\hotspot\share\interpreter\linkResolver.cpp, line 790]
Event: 0.104 Thread 0x0000028173ae38c0 Exception <a 'sun/nio/fs/WindowsException'{0x00000007111a9890}> (0x00000007111a9890) 
thrown [c:\wsjdk\correttojdksrc\installers\windows\zip\corretto-build\buildroot\src\hotspot\share\prims\jni.cpp, line 579]
Event: 0.105 Thread 0x0000028173ae38c0 Exception <a 'sun/nio/fs/WindowsException'{0x00000007111a9e20}> (0x00000007111a9e20) 
thrown [c:\wsjdk\correttojdksrc\installers\windows\zip\corretto-build\buildroot\src\hotspot\share\prims\jni.cpp, line 579]
Event: 0.109 Thread 0x0000028173ae38c0 Exception <a 'sun/nio/fs/WindowsException'{0x00000007111c7590}> (0x00000007111c7590) 
thrown [c:\wsjdk\correttojdksrc\installers\windows\zip\corretto-build\buildroot\src\hotspot\share\prims\jni.cpp, line 579]
Event: 0.109 Thread 0x0000028173ae38c0 Exception <a 'sun/nio/fs/WindowsException'{0x00000007111c7980}> (0x00000007111c7980) 
thrown [c:\wsjdk\correttojdksrc\installers\windows\zip\corretto-build\buildroot\src\hotspot\share\prims\jni.cpp, line 579]
Event: 0.111 Thread 0x0000028173ae38c0 Exception <a 'sun/nio/fs/WindowsException'{0x00000007111d87d8}> (0x00000007111d87d8) 
thrown [c:\wsjdk\correttojdksrc\installers\windows\zip\corretto-build\buildroot\src\hotspot\share\prims\jni.cpp, line 579]
Event: 0.111 Thread 0x0000028173ae38c0 Exception <a 'sun/nio/fs/WindowsException'{0x00000007111d8b00}> (0x00000007111d8b00) 
thrown [c:\wsjdk\correttojdksrc\installers\windows\zip\corretto-build\buildroot\src\hotspot\share\prims\jni.cpp, line 579]
Event: 0.117 Thread 0x0000028173ae38c0 Exception <a 'java/lang/NoSuchMethodError'{0x0000000710e31db0}: 'int java.lang.invoke.DirectMethodHandle$Holder.invokeStaticInit(java.lang.Object, java.lang.Object, int, long)'> (0x0000000710e31db0) 
thrown [c:\wsjdk\correttojdksrc\installers\windows\zip\corretto-build\buildroot\src\hotspot\share\interpreter\linkResolver.cpp, line 790]
Event: 0.117 Thread 0x0000028173ae38c0 Exception <a 'java/lang/NoSuchMethodError'{0x0000000710e37b28}: 'java.lang.Object java.lang.invoke.DirectMethodHandle$Holder.newInvokeSpecial(java.lang.Object, java.lang.Object, int)'> (0x0000000710e37b28) 
thrown [c:\wsjdk\correttojdksrc\installers\windows\zip\corretto-build\buildroot\src\hotspot\share\interpreter\linkResolver.cpp, line 790]
Event: 0.118 Thread 0x0000028173ae38c0 Exception <a 'java/lang/NoSuchMethodError'{0x0000000710e495d8}: 'int java.lang.invoke.DirectMethodHandle$Holder.invokeStaticInit(java.lang.Object, java.lang.Object, long, long)'> (0x0000000710e495d8) 
thrown [c:\wsjdk\correttojdksrc\installers\windows\zip\corretto-build\buildroot\src\hotspot\share\interpreter\linkResolver.cpp, line 790]
Event: 0.118 Thread 0x0000028173ae38c0 Exception <a 'java/lang/NoSuchMethodError'{0x0000000710e4fc28}: 'java.lang.Object java.lang.invoke.DirectMethodHandle$Holder.newInvokeSpecial(java.lang.Object, java.lang.Object, long)'> (0x0000000710e4fc28) 
thrown [c:\wsjdk\correttojdksrc\installers\windows\zip\corretto-build\buildroot\src\hotspot\share\interpreter\linkResolver.cpp, line 790]
Event: 0.119 Thread 0x0000028173ae38c0 Exception <a 'java/lang/NoSuchMethodError'{0x0000000710e54028}: 'java.lang.Object java.lang.invoke.Invokers$Holder.linkToTargetMethod(java.lang.Object, long, java.lang.Object)'> (0x0000000710e54028) 
thrown [c:\wsjdk\correttojdksrc\installers\windows\zip\corretto-build\buildroot\src\hotspot\share\interpreter\linkResolver.cpp, line 790]
Event: 0.119 Thread 0x0000028173ae38c0 Exception <a 'java/lang/NoSuchMethodError'{0x0000000710e5bad0}: 'int java.lang.invoke.DirectMethodHandle$Holder.invokeStaticInit(java.lang.Object, java.lang.Object, java.lang.Object, long)'> (0x0000000710e5bad0) 
thrown [c:\wsjdk\correttojdksrc\installers\windows\zip\corretto-build\buildroot\src\hotspot\share\interpreter\linkResolver.cpp, line 790]

Events (20 events):
Event: 0.115 loading class sun/misc/Unsafe
Event: 0.115 loading class sun/misc/Unsafe done
Event: 0.116 loading class jdk/internal/module/IllegalAccessLogger
Event: 0.116 loading class jdk/internal/module/IllegalAccessLogger done
Event: 0.116 loading class jdk/internal/reflect/UnsafeFieldAccessorFactory
Event: 0.116 loading class jdk/internal/reflect/UnsafeFieldAccessorFactory done
Event: 0.116 loading class jdk/internal/reflect/UnsafeQualifiedStaticObjectFieldAccessorImpl
Event: 0.116 loading class jdk/internal/reflect/UnsafeQualifiedStaticFieldAccessorImpl
Event: 0.116 loading class jdk/internal/reflect/UnsafeQualifiedStaticFieldAccessorImpl done
Event: 0.116 loading class jdk/internal/reflect/UnsafeQualifiedStaticObjectFieldAccessorImpl done
Event: 0.116 loading class java/util/function/LongPredicate
Event: 0.116 loading class java/util/function/LongPredicate done
Event: 0.117 loading class jdk/internal/access/foreign/MemorySegmentProxy
Event: 0.117 loading class jdk/internal/access/foreign/MemorySegmentProxy done
Event: 0.120 loading class java/nio/InvalidMarkException
Event: 0.120 loading class java/nio/InvalidMarkException done
Event: 0.120 loading class java/nio/BufferUnderflowException
Event: 0.120 loading class java/nio/BufferUnderflowException done
Event: 0.121 loading class java/lang/IndexOutOfBoundsException
Event: 0.121 loading class java/lang/IndexOutOfBoundsException done


Dynamic libraries:
0x00007ff6e87b0000 - 0x00007ff6e87bd000 	C:\Users\DaylightNebula\.jdks\corretto-16.0.2\bin\java.exe
0x00007fffb5480000 - 0x00007fffb5689000 	C:\Windows\SYSTEM32\ntdll.dll
0x00007fffb3690000 - 0x00007fffb374e000 	C:\Windows\System32\KERNEL32.DLL
0x00007fffb2b60000 - 0x00007fffb2edb000 	C:\Windows\System32\KERNELBASE.dll
0x00007fffb3080000 - 0x00007fffb3191000 	C:\Windows\System32\ucrtbase.dll
0x00007fff95d60000 - 0x00007fff95d75000 	C:\Users\DaylightNebula\.jdks\corretto-16.0.2\bin\VCRUNTIME140.dll
0x00007fffa47b0000 - 0x00007fffa47c8000 	C:\Users\DaylightNebula\.jdks\corretto-16.0.2\bin\jli.dll
0x00007fffb3750000 - 0x00007fffb38fd000 	C:\Windows\System32\USER32.dll
0x00007fffb2ee0000 - 0x00007fffb2f06000 	C:\Windows\System32\win32u.dll
0x00007fff988e0000 - 0x00007fff98b85000 	C:\Windows\WinSxS\amd64_microsoft.windows.common-controls_6595b64144ccf1df_6.0.22000.120_none_9d947278b86cc467\COMCTL32.dll
0x00007fffb3f80000 - 0x00007fffb3fa9000 	C:\Windows\System32\GDI32.dll
0x00007fffb51f0000 - 0x00007fffb5293000 	C:\Windows\System32\msvcrt.dll
0x00007fffb2950000 - 0x00007fffb2a68000 	C:\Windows\System32\gdi32full.dll
0x00007fffb31a0000 - 0x00007fffb323d000 	C:\Windows\System32\msvcp_win.dll
0x00007fffb5390000 - 0x00007fffb53c2000 	C:\Windows\System32\IMM32.DLL
0x00007fff95cc0000 - 0x00007fff95d5b000 	C:\Users\DaylightNebula\.jdks\corretto-16.0.2\bin\msvcp140.dll
0x00007fff00740000 - 0x00007fff01349000 	C:\Users\DaylightNebula\.jdks\corretto-16.0.2\bin\server\jvm.dll
0x00007fffb3360000 - 0x00007fffb340e000 	C:\Windows\System32\ADVAPI32.dll
0x00007fffb4bd0000 - 0x00007fffb4c6e000 	C:\Windows\System32\sechost.dll
0x00007fffb4ab0000 - 0x00007fffb4bd0000 	C:\Windows\System32\RPCRT4.dll
0x00007fffb5380000 - 0x00007fffb5388000 	C:\Windows\System32\PSAPI.DLL
0x00007fff9b050000 - 0x00007fff9b059000 	C:\Windows\SYSTEM32\WSOCK32.dll
0x00007fffa9bb0000 - 0x00007fffa9be3000 	C:\Windows\SYSTEM32\WINMM.dll
0x00007fffb4920000 - 0x00007fffb498f000 	C:\Windows\System32\WS2_32.dll
0x00007fffaaad0000 - 0x00007fffaaada000 	C:\Windows\SYSTEM32\VERSION.dll
0x00007fffb19b0000 - 0x00007fffb19c8000 	C:\Windows\SYSTEM32\kernel.appcore.dll
0x00007fff95cb0000 - 0x00007fff95cba000 	C:\Users\DaylightNebula\.jdks\corretto-16.0.2\bin\jimage.dll
0x00007fffb04c0000 - 0x00007fffb06e1000 	C:\Windows\SYSTEM32\DBGHELP.DLL
0x00007fff9c680000 - 0x00007fff9c6b1000 	C:\Windows\SYSTEM32\dbgcore.DLL
0x00007fffb2a70000 - 0x00007fffb2aef000 	C:\Windows\System32\bcryptPrimitives.dll
0x00007fff90fd0000 - 0x00007fff90fde000 	C:\Users\DaylightNebula\.jdks\corretto-16.0.2\bin\instrument.dll
0x00007fff95c80000 - 0x00007fff95ca5000 	C:\Users\DaylightNebula\.jdks\corretto-16.0.2\bin\java.dll
0x00007fffb40e0000 - 0x00007fffb4897000 	C:\Windows\System32\SHELL32.dll
0x00007fffb0a20000 - 0x00007fffb1285000 	C:\Windows\SYSTEM32\windows.storage.dll
0x00007fffb3900000 - 0x00007fffb3c78000 	C:\Windows\System32\combase.dll
0x00007fffb08b0000 - 0x00007fffb0a16000 	C:\Windows\SYSTEM32\wintypes.dll
0x00007fffb5100000 - 0x00007fffb51ea000 	C:\Windows\System32\SHCORE.dll
0x00007fffb53e0000 - 0x00007fffb543d000 	C:\Windows\System32\shlwapi.dll
0x00007fffb2880000 - 0x00007fffb28a1000 	C:\Windows\SYSTEM32\profapi.dll
0x00007fff95c20000 - 0x00007fff95c38000 	C:\Users\DaylightNebula\.jdks\corretto-16.0.2\bin\zip.dll
0x00007fff95c60000 - 0x00007fff95c79000 	C:\Users\DaylightNebula\.jdks\corretto-16.0.2\bin\net.dll
0x00007fffad690000 - 0x00007fffad7a4000 	C:\Windows\SYSTEM32\WINHTTP.dll
0x00007fffb1e50000 - 0x00007fffb1eb7000 	C:\Windows\system32\mswsock.dll
0x00007fff95c40000 - 0x00007fff95c53000 	C:\Users\DaylightNebula\.jdks\corretto-16.0.2\bin\nio.dll
0x00007fff89ea0000 - 0x00007fff89eba000 	C:\Users\DaylightNebula\AppData\Local\JetBrains\Toolbox\apps\IDEA-C\ch-0\222.4167.29\bin\breakgen64.dll
0x00007fff5eca0000 - 0x00007fff5ed15000 	C:\Users\DaylightNebula\AppData\Local\Temp\lwjglDaylightNebula\3.3.1-build-7\lwjgl.dll
0x00007fff70fb0000 - 0x00007fff7100d000 	C:\Users\DaylightNebula\AppData\Local\Temp\lwjglDaylightNebula\3.3.1-build-7\lwjgl_opengl.dll
0x00007fff1ae20000 - 0x00007fff1af21000 	C:\Windows\SYSTEM32\opengl32.dll
0x00007fff16b10000 - 0x00007fff16b3d000 	C:\Windows\SYSTEM32\GLU32.dll
0x00007fffafe20000 - 0x00007fffafe58000 	C:\Windows\SYSTEM32\dxcore.dll

dbghelp: loaded successfully - version: 4.0.5 - missing functions: none
symbol engine: initialized successfully - sym options: 0x614 - pdb path: .;C:\Users\DaylightNebula\.jdks\corretto-16.0.2\bin;C:\Windows\SYSTEM32;C:\Windows\WinSxS\amd64_microsoft.windows.common-controls_6595b64144ccf1df_6.0.22000.120_none_9d947278b86cc467;C:\Users\DaylightNebula\.jdks\corretto-16.0.2\bin\server;C:\Users\DaylightNebula\AppData\Local\JetBrains\Toolbox\apps\IDEA-C\ch-0\222.4167.29\bin;C:\Users\DaylightNebula\AppData\Local\Temp\lwjglDaylightNebula\3.3.1-build-7

VM Arguments:
jvm_args: -javaagent:C:\Users\DaylightNebula\AppData\Local\JetBrains\Toolbox\apps\IDEA-C\ch-0\222.4167.29\lib\idea_rt.jar=59266:C:\Users\DaylightNebula\AppData\Local\JetBrains\Toolbox\apps\IDEA-C\ch-0\222.4167.29\bin -Dfile.encoding=UTF-8 
java_command: webstreamengine.client.MainKt
java_class_path (initial): D:\projectstream\WebStreamEngine\WebStreamEngine-Client\build\classes\kotlin\main;C:\Users\DaylightNebula\.gradle\caches\modules-2\files-2.1\org.jetbrains.kotlin\kotlin-stdlib-jdk8\1.8.0-RC2\c7080e0e0c608235bf07d8542dd2b2589bbb8881\kotlin-stdlib-jdk8-1.8.0-RC2.jar;D:\projectstream\WebStreamEngine\WebStreamEngine-Core\build\classes\java\main;D:\projectstream\WebStreamEngine\WebStreamEngine-Core\build\classes\kotlin\main;D:\projectstream\WebStreamEngine\WebStreamEngine-Backend-OpenGL\build\classes\kotlin\main;C:\Users\DaylightNebula\.gradle\caches\modules-2\files-2.1\org.jetbrains.kotlin\kotlin-stdlib-jdk7\1.8.0-RC2\bed3d73e81d474ba2119ae203bdd15e96d7cf0bc\kotlin-stdlib-jdk7-1.8.0-RC2.jar;C:\Users\DaylightNebula\.gradle\caches\modules-2\files-2.1\org.jetbrains.kotlin\kotlin-stdlib\1.8.0-RC2\89303520e71f5a7eda0b21ce8a3bd9f0154921bb\kotlin-stdlib-1.8.0-RC2.jar;C:\Users\DaylightNebula\.gradle\caches\modules-2\files-2.1\org.jetbrains.kotlin\kotlin-stdlib-common\1.8.0-RC2\f07744f554f7303fec96d11969edc688a8749ceb\kotlin-stdlib-common-1.8.0-RC2.jar;C:\Users\DaylightNebula\.gradle\caches\modules-2\files-2.1\org.jetbrains\annotations\13.0\919f0dfe192fb4e063e7dacadee7f8bb9a2672a9\annotations-13.0.jar;C:\Users\DaylightNebula\.gradle\caches\modules-2\files-2.1\org.lwjgl\lwjgl-glfw\3.3.1\cbac1b8d30cb4795149c1ef540f912671a8616d0\lwjgl-glfw-3.3.1.jar;C:\Users\DaylightNebula\.gradle\caches\modules-2\files-2.1\org.lwjgl\lwjgl-glfw\3.3.1\ed892f945cf7e79c8756796f32d00fa4ceaf573b\lwjgl-glfw-3.3.1-natives-windows.jar;C:\Users\DaylightNebula\.gradle\caches\modules-2\files-2.1\org.lwjgl\lwjgl-opengl\3.3.1\831a5533a21a5f4f81bbc51bb13e9899319b5411\lwjgl-opengl-3.3.1.jar;C:\Users\DaylightNebula\.gradle\caches\modules-2\files-2.1\org.lwjgl\lwjgl-opengl\3.3.1\c1807e9bd571402787d7e37e3029776ae2513bb8\lwjgl-opengl-3.3.1-natives-windows.jar;C:\Users\DaylightNebula\.gradle\caches\modules-2\files-2.1\org.lwjgl\lwjgl-stb\3.3.1\b119297cf8ed01f247abe8685857f8e7fcf5980f\lwjgl
Launcher Type: SUN_STANDARD

[Global flags]
     intx CICompilerCount                          = 4                                         {product} {ergonomic}
     uint ConcGCThreads                            = 3                                         {product} {ergonomic}
     uint G1ConcRefinementThreads                  = 10                                        {product} {ergonomic}
   size_t G1HeapRegionSize                         = 2097152                                   {product} {ergonomic}
    uintx GCDrainStackTargetSize                   = 64                                        {product} {ergonomic}
   size_t InitialHeapSize                          = 268435456                                 {product} {ergonomic}
   size_t MarkStackSize                            = 4194304                                   {product} {ergonomic}
   size_t MaxHeapSize                              = 4271898624                                {product} {ergonomic}
   size_t MaxNewSize                               = 2562719744                                {product} {ergonomic}
   size_t MinHeapDeltaBytes                        = 2097152                                   {product} {ergonomic}
   size_t MinHeapSize                              = 8388608                                   {product} {ergonomic}
    uintx NonNMethodCodeHeapSize                   = 5839372                                {pd product} {ergonomic}
    uintx NonProfiledCodeHeapSize                  = 122909434                              {pd product} {ergonomic}
    uintx ProfiledCodeHeapSize                     = 122909434                              {pd product} {ergonomic}
    uintx ReservedCodeCacheSize                    = 251658240                              {pd product} {ergonomic}
     bool SegmentedCodeCache                       = true                                      {product} {ergonomic}
   size_t SoftMaxHeapSize                          = 4271898624                             {manageable} {ergonomic}
     bool UseCompressedClassPointers               = true                           {product lp64_product} {ergonomic}
     bool UseCompressedOops                        = true                           {product lp64_product} {ergonomic}
     bool UseG1GC                                  = true                                      {product} {ergonomic}
     bool UseLargePagesIndividualAllocation        = false                                  {pd product} {ergonomic}

Logging:
Log output configuration:
 #0: stdout all=warning uptime,level,tags
 #1: stderr all=off uptime,level,tags

Environment Variables:
PATH=C:\Program Files\Microsoft\jdk-11.0.12.7-hotspot\bin;C:\Program Files\Oculus\Support\oculus-runtime;C:\Program Files (x86)\Common Files\Oracle\Java\javapath;C:\Windows\system32;C:\Windows;C:\Windows\System32\Wbem;C:\Windows\System32\WindowsPowerShell\v1.0\;C:\Windows\System32\OpenSSH\;C:\Program Files\Git\cmd;C:\Program Files\dotnet\;C:\Program Files\nodejs\;C:\Program Files\CMake\bin;C:\ninja;C:\deps\skia;C:\Users\DaylightNebula\AppData\Local\Programs\Python\Python310\Scripts\;C:\Users\DaylightNebula\AppData\Local\Programs\Python\Python310\;C:\Users\DaylightNebula\.cargo\bin;C:\Users\DaylightNebula\AppData\Local\Microsoft\WindowsApps;C:\Users\DaylightNebula\AppData\Local\atom\bin;C:\Users\DaylightNebula\.dotnet\tools;C:\Users\DaylightNebula\AppData\Local\GitHubDesktop\bin;C:\Users\DaylightNebula\AppData\Local\JetBrains\Toolbox\scripts;C:\Users\DaylightNebula\AppData\Roaming\npm;C:\Users\DaylightNebula\AppData\Local\Programs\Microsoft VS Code\bin;C:\Users\DaylightNebula\AppData\Local\Android\Sdk\platform-tools;C:\Users\DaylightNebula\.dotnet\tools
USERNAME=DaylightNebula
OS=Windows_NT
PROCESSOR_IDENTIFIER=AMD64 Family 25 Model 33 Stepping 2, AuthenticAMD



---------------  S Y S T E M  ---------------

OS:
 Windows 10 , 64 bit Build 22000 (10.0.22000.1335)
OS uptime: 0 days 2:15 hours

CPU: total 12 (initial active 12) (12 cores per cpu, 2 threads per core) family 25 model 33 stepping 2 microcode 0x0, cx8, cmov, fxsr, ht, mmx, 3dnowpref, sse, sse2, sse3, ssse3, sse4a, sse4.1, sse4.2, popcnt, lzcnt, tsc, tscinvbit, avx, avx2, aes, erms, clmul, bmi1, bmi2, adx, sha, fma, vzeroupper, clflush, clflushopt

Memory: 4k page, system-wide physical 16293M (5232M free)
TotalPageFile size 33701M (AvailPageFile size 18886M)
current process WorkingSet (physical memory assigned to process): 50M, peak: 50M
current process commit charge ("private bytes"): 357M, peak: 357M

vm_info: OpenJDK 64-Bit Server VM (16.0.2+7) for windows-amd64 JRE (16.0.2+7), built on Jul 22 2021 01:11:46 by "Administrator" with MS VC++ 15.9 (VS2017)

END.
